[0.018s] Invoking command in '/home/jorge/ros2_thesis_ws/src/cuda_depth_register/build/cuda_depth_register': CMAKE_PREFIX_PATH=${CMAKE_PREFIX_PATH}:/opt/ros/rolling /usr/bin/cmake --build /home/jorge/ros2_thesis_ws/src/cuda_depth_register/build/cuda_depth_register -- -j6 -l6
[0.096s] [ 25%] [32mBuilding CUDA object CMakeFiles/depth_register_cuda.dir/src/depth_register.cu.o[0m
[0.568s] [01m[0m[01m/home/jorge/ros2_thesis_ws/src/cuda_depth_register/src/depth_register.cu(216)[0m: [01;31merror[0m: identifier "[01mstart[0m" is undefined
[0.568s]       if (measureTime) cudaEventRecord(start);
[0.568s]                                        ^
[0.568s] 
[0.568s] [01m[0m[01m/home/jorge/ros2_thesis_ws/src/cuda_depth_register/src/depth_register.cu(227)[0m: [01;31merror[0m: identifier "[01mstop[0m" is undefined
[0.568s]           cudaEventRecord(stop);
[0.568s]                           ^
[0.568s] 
[0.568s] [01m[0m[01m/home/jorge/ros2_thesis_ws/src/cuda_depth_register/src/depth_register.cu(229)[0m: [01;31merror[0m: identifier "[01mms[0m" is undefined
[0.568s]           cudaEventElapsedTime(&ms, start, stop);
[0.568s]                                 ^
[0.568s] 
[0.568s] [01m[0m[01m/home/jorge/ros2_thesis_ws/src/cuda_depth_register/src/depth_register.cu(229)[0m: [01;31merror[0m: identifier "[01mstart[0m" is undefined
[0.569s]           cudaEventElapsedTime(&ms, start, stop);
[0.569s]                                     ^
[0.569s] 
[0.569s] [01m[0m[01m/home/jorge/ros2_thesis_ws/src/cuda_depth_register/src/depth_register.cu(236)[0m: [01;31merror[0m: identifier "[01mstart[0m" is undefined
[0.569s]       if (measureTime) cudaEventRecord(start);
[0.569s]                                        ^
[0.569s] 
[0.569s] [01m[0m[01m/home/jorge/ros2_thesis_ws/src/cuda_depth_register/src/depth_register.cu(248)[0m: [01;31merror[0m: identifier "[01mstop[0m" is undefined
[0.569s]           cudaEventRecord(stop);
[0.569s]                           ^
[0.569s] 
[0.569s] [01m[0m[01m/home/jorge/ros2_thesis_ws/src/cuda_depth_register/src/depth_register.cu(250)[0m: [01;31merror[0m: identifier "[01mms[0m" is undefined
[0.569s]           cudaEventElapsedTime(&ms, start, stop);
[0.569s]                                 ^
[0.569s] 
[0.569s] [01m[0m[01m/home/jorge/ros2_thesis_ws/src/cuda_depth_register/src/depth_register.cu(250)[0m: [01;31merror[0m: identifier "[01mstart[0m" is undefined
[0.570s]           cudaEventElapsedTime(&ms, start, stop);
[0.570s]                                     ^
[0.570s] 
[0.570s] [01m[0m[01m/home/jorge/ros2_thesis_ws/src/cuda_depth_register/src/depth_register.cu(257)[0m: [01;31merror[0m: identifier "[01mstart[0m" is undefined
[0.570s]       if (measureTime) cudaEventRecord(start);
[0.570s]                                        ^
[0.570s] 
[0.570s] [01m[0m[01m/home/jorge/ros2_thesis_ws/src/cuda_depth_register/src/depth_register.cu(269)[0m: [01;31merror[0m: identifier "[01mstop[0m" is undefined
[0.570s]           cudaEventRecord(stop);
[0.570s]                           ^
[0.570s] 
[0.570s] [01m[0m[01m/home/jorge/ros2_thesis_ws/src/cuda_depth_register/src/depth_register.cu(271)[0m: [01;31merror[0m: identifier "[01mms[0m" is undefined
[0.570s]           cudaEventElapsedTime(&ms, start, stop);
[0.570s]                                 ^
[0.570s] 
[0.570s] [01m[0m[01m/home/jorge/ros2_thesis_ws/src/cuda_depth_register/src/depth_register.cu(271)[0m: [01;31merror[0m: identifier "[01mstart[0m" is undefined
[0.571s]           cudaEventElapsedTime(&ms, start, stop);
[0.571s]                                     ^
[0.571s] 
[0.571s] [01m[0m[01m/home/jorge/ros2_thesis_ws/src/cuda_depth_register/src/depth_register.cu(280)[0m: [01;31merror[0m: identifier "[01mstart[0m" is undefined
[0.571s]           if (measureTime) cudaEventRecord(start);
[0.571s]                                            ^
[0.571s] 
[0.571s] [01m[0m[01m/home/jorge/ros2_thesis_ws/src/cuda_depth_register/src/depth_register.cu(292)[0m: [01;31merror[0m: identifier "[01mstop[0m" is undefined
[0.571s]               cudaEventRecord(stop);
[0.571s]                               ^
[0.571s] 
[0.572s] [01m[0m[01m/home/jorge/ros2_thesis_ws/src/cuda_depth_register/src/depth_register.cu(294)[0m: [01;31merror[0m: identifier "[01mms[0m" is undefined
[0.572s]               cudaEventElapsedTime(&ms, start, stop);
[0.572s]                                     ^
[0.572s] 
[0.572s] [01m[0m[01m/home/jorge/ros2_thesis_ws/src/cuda_depth_register/src/depth_register.cu(294)[0m: [01;31merror[0m: identifier "[01mstart[0m" is undefined
[0.572s]               cudaEventElapsedTime(&ms, start, stop);
[0.572s]                                         ^
[0.572s] 
[0.572s] [01m[0m[01m/home/jorge/ros2_thesis_ws/src/cuda_depth_register/src/depth_register.cu(307)[0m: [01;31merror[0m: identifier "[01mstop_total[0m" is undefined
[0.572s]           cudaEventRecord(stop_total);
[0.572s]                           ^
[0.572s] 
[0.572s] [01m[0m[01m/home/jorge/ros2_thesis_ws/src/cuda_depth_register/src/depth_register.cu(310)[0m: [01;31merror[0m: identifier "[01mms[0m" is undefined
[0.572s]           cudaEventElapsedTime(&ms, start_total, stop_total);
[0.572s]                                 ^
[0.572s] 
[0.573s] [01m[0m[01m/home/jorge/ros2_thesis_ws/src/cuda_depth_register/src/depth_register.cu(310)[0m: [01;31merror[0m: identifier "[01mstart_total[0m" is undefined
[0.573s]           cudaEventElapsedTime(&ms, start_total, stop_total);
[0.573s]                                     ^
[0.573s] 
[0.573s] [01m[0m[01m/home/jorge/ros2_thesis_ws/src/cuda_depth_register/src/depth_register.cu(318)[0m: [01;31merror[0m: identifier "[01mstart[0m" is undefined
[0.573s]           cudaEventDestroy(start);
[0.573s]                            ^
[0.574s] 
[0.574s] [01m[0m[01m/home/jorge/ros2_thesis_ws/src/cuda_depth_register/src/depth_register.cu(319)[0m: [01;31merror[0m: identifier "[01mstop[0m" is undefined
[0.574s]           cudaEventDestroy(stop);
[0.574s]                            ^
[0.574s] 
[0.574s] 21 errors detected in the compilation of "/home/jorge/ros2_thesis_ws/src/cuda_depth_register/src/depth_register.cu".
[0.592s] gmake[2]: *** [CMakeFiles/depth_register_cuda.dir/build.make:77: CMakeFiles/depth_register_cuda.dir/src/depth_register.cu.o] Error 2
[0.593s] gmake[1]: *** [CMakeFiles/Makefile2:139: CMakeFiles/depth_register_cuda.dir/all] Error 2
[0.594s] gmake: *** [Makefile:146: all] Error 2
[0.599s] Invoked command in '/home/jorge/ros2_thesis_ws/src/cuda_depth_register/build/cuda_depth_register' returned '2': CMAKE_PREFIX_PATH=${CMAKE_PREFIX_PATH}:/opt/ros/rolling /usr/bin/cmake --build /home/jorge/ros2_thesis_ws/src/cuda_depth_register/build/cuda_depth_register -- -j6 -l6
