[33mCMake Warning (dev) at /usr/local/lib/cmake/opencv4/OpenCVConfig.cmake:86 (find_package):
  Policy CMP0146 is not set: The FindCUDA module is removed.  Run "cmake
  --help-policy CMP0146" for policy details.  Use the cmake_policy command to
  set the policy and suppress this warning.

Call Stack (most recent call first):
  /usr/local/lib/cmake/opencv4/OpenCVConfig.cmake:108 (find_host_package)
  /opt/ros/rolling/share/cv_bridge/cmake/ament_cmake_export_dependencies-extras.cmake:21 (find_package)
  /opt/ros/rolling/share/cv_bridge/cmake/cv_bridgeConfig.cmake:41 (include)
  CMakeLists.txt:16 (find_package)
This warning is for project developers.  Use -Wno-dev to suppress it.
[0m
[0mCMake Deprecation Warning at /opt/ros/rolling/share/ament_cmake_target_dependencies/cmake/ament_target_dependencies.cmake:87 (message):
  ament_target_dependencies() is deprecated.  Use target_link_libraries()
  with modern CMake targets instead.  Try replacing this call with:

    target_link_libraries(cuda_depth_register_node PUBLIC
      ${sensor_msgs_TARGETS}
      cv_bridge::cv_bridge
      image_transport::image_transport
      rclcpp::rclcpp
      sensor_msgs::sensor_msgs_library
      tf2::tf2
      tf2_geometry_msgs::tf2_geometry_msgs
      tf2_ros::static_transform_broadcaster_node
      tf2_ros::tf2_ros
    )

Call Stack (most recent call first):
  CMakeLists.txt:54 (ament_target_dependencies)

[0m
In file included from [01m[K/home/jorge/ros2_thesis_ws/src/cuda_depth_register/src/cuda_depth_register_node.cpp:4[m[K:
[01m[K/opt/ros/rolling/include/tf2_ros/tf2_ros/buffer.h:40:4:[m[K [01;35m[Kwarning: [m[K#warning BUFFER_HEADER_DEPRECATION [[01;35m[K]8;;https://gcc.gnu.org/onlinedocs/gcc/Warning-Options.html#index-Wcpp-Wcpp]8;;[m[K]
   40 |   #[01;35m[Kwarning[m[K BUFFER_HEADER_DEPRECATION
      |    [01;35m[K^~~~~~~[m[K
In file included from [01m[K/home/jorge/ros2_thesis_ws/src/cuda_depth_register/src/cuda_depth_register_node.cpp:5[m[K:
[01m[K/opt/ros/rolling/include/tf2_ros/tf2_ros/transform_listener.h:40:4:[m[K [01;35m[Kwarning: [m[K#warning TRANSFORM_LISTENER_HEADER_DEPRECATION [[01;35m[K]8;;https://gcc.gnu.org/onlinedocs/gcc/Warning-Options.html#index-Wcpp-Wcpp]8;;[m[K]
   40 |   #[01;35m[Kwarning[m[K TRANSFORM_LISTENER_HEADER_DEPRECATION
      |    [01;35m[K^~~~~~~[m[K
