[0.013s] Invoking command in '/home/jorge/ros2_thesis_ws/src/cuda_depth_register/build/cuda_depth_register': CMAKE_PREFIX_PATH=${CMAKE_PREFIX_PATH}:/opt/ros/rolling /usr/bin/cmake --build /home/jorge/ros2_thesis_ws/src/cuda_depth_register/build/cuda_depth_register -- -j6 -l6
[0.296s] [31mCMake Error at /usr/share/cmake-3.28/Modules/CMakeDetermineCompilerId.cmake:780 (message):
[0.296s]   Compiling the CUDA compiler identification source file
[0.296s]   "CMakeCUDACompilerId.cu" failed.
[0.296s] 
[0.296s]   Compiler: /usr/local/cuda-12.3/bin/nvcc
[0.296s] 
[0.296s]   Build flags:
[0.296s] 
[0.296s]   Id flags: --keep;--keep-dir;tmp -v
[0.296s] 
[0.296s] 
[0.296s] 
[0.296s]   The output was:
[0.297s] 
[0.297s]   1
[0.297s] 
[0.297s]   #$ _NVVM_BRANCH_=nvvm
[0.297s] 
[0.297s]   #$ _SPACE_=
[0.297s] 
[0.297s]   #$ _CUDART_=cudart
[0.297s] 
[0.297s]   #$ _HERE_=/usr/local/cuda-12.3/bin
[0.297s] 
[0.297s]   #$ _THERE_=/usr/local/cuda-12.3/bin
[0.297s] 
[0.297s]   #$ _TARGET_SIZE_=
[0.298s] 
[0.298s]   #$ _TARGET_DIR_=
[0.298s] 
[0.298s]   #$ _TARGET_DIR_=targets/x86_64-linux
[0.298s] 
[0.298s]   #$ TOP=/usr/local/cuda-12.3/bin/..
[0.298s] 
[0.298s]   #$ NVVMIR_LIBRARY_DIR=/usr/local/cuda-12.3/bin/../nvvm/libdevice
[0.298s] 
[0.298s]   #$
[0.298s]   LD_LIBRARY_PATH=/usr/local/cuda-12.3/bin/../lib:/home/jorge/ros2_thesis_ws/src/VIGS-Fusion/install/vigs_fusion/lib:/usr/local/lib:/home/jorge/ros2_thesis_ws/src/f_vigs_slam/install/f_vigs_slam/lib:/usr/local/cuda-12.3/lib64:/opt/ros/rolling/opt/zenoh_cpp_vendor/lib:/opt/ros/rolling/opt/gz_math_vendor/lib:/opt/ros/rolling/opt/gz_utils_vendor/lib:/opt/ros/rolling/opt/rviz_ogre_vendor/lib:/opt/ros/rolling/lib/x86_64-linux-gnu:/opt/ros/rolling/opt/gz_cmake_vendor/lib:/opt/ros/rolling/lib:/usr/local/cuda-11.8/lib64:
[0.298s] 
[0.298s] 
[0.298s]   #$
[0.298s]   PATH=/usr/local/cuda-12.3/bin/../nvvm/bin:/usr/local/cuda-12.3/bin:/usr/local/cuda-12.3/bin:/opt/ros/rolling/bin:/usr/local/cuda-11.8/bin:/usr/local/sbin:/usr/local/bin:/usr/sbin:/usr/bin:/sbin:/bin:/usr/games:/usr/local/games:/usr/lib/wsl/lib:/mnt/d/NVIDIA/bin:/mnt/d/NVIDIA/libnvvp:/mnt/c/Program
[0.299s]   Files/NVIDIA Corporation/Nsight Compute
[0.299s]   2022.3.0/:/mnt/c/Windows/System32/WindowsPowerShell/v1.0/:/mnt/c/Users/jorge/AppData/Local/Microsoft/WindowsApps:/mnt/d/Program
[0.299s]   Files/IntelliJ IDEA Community Edition 2024.3/bin:/mnt/d/Program Files
[0.299s]   (x86)/Microsoft VS
[0.299s]   Code/bin:/mnt/c/Users/jorge/AppData/Local/GitHubDesktop/bin:/mnt/c/Users/jorge/.dotnet/tools:/mnt/c/Users/jorge/AppData/Roaming/TinyTeX/bin/windows:/snap/bin
[0.299s] 
[0.299s] 
[0.299s]   #$ INCLUDES="-I/usr/local/cuda-12.3/bin/../targets/x86_64-linux/include"
[0.299s] 
[0.299s]   #$ LIBRARIES=
[0.299s]   "-L/usr/local/cuda-12.3/bin/../targets/x86_64-linux/lib/stubs"
[0.299s]   "-L/usr/local/cuda-12.3/bin/../targets/x86_64-linux/lib"
[0.300s] 
[0.300s]   #$ CUDAFE_FLAGS=
[0.300s] 
[0.300s]   #$ PTXAS_FLAGS=
[0.300s] 
[0.300s]   #$ rm tmp/a_dlink.reg.c
[0.300s] 
[0.300s]   #$ gcc -D__CUDA_ARCH_LIST__=520 -E -x c++ -D__CUDACC__ -D__NVCC__
[0.300s]   "-I/usr/local/cuda-12.3/bin/../targets/x86_64-linux/include"
[0.300s]   -D__CUDACC_VER_MAJOR__=12 -D__CUDACC_VER_MINOR__=3
[0.301s]   -D__CUDACC_VER_BUILD__=52 -D__CUDA_API_VER_MAJOR__=12
[0.301s]   -D__CUDA_API_VER_MINOR__=3 -D__NVCC_DIAG_PRAGMA_SUPPORT__=1 -include
[0.301s]   "cuda_runtime.h" -m64 "CMakeCUDACompilerId.cu" -o
[0.302s]   "tmp/CMakeCUDACompilerId.cpp4.ii"
[0.302s] 
[0.303s]   In file included from
[0.303s]   /usr/local/cuda-12.3/bin/../targets/x86_64-linux/include/cuda_runtime.h:82,
[0.304s] 
[0.304s] 
[0.304s]                    from <command-line>:
[0.304s] 
[0.304s]   
[0.304s]   /usr/local/cuda-12.3/bin/../targets/x86_64-linux/include/crt/host_config.h:143:2:
[0.305s]   error: #error -- unsupported GNU version! gcc versions later than 12 are
[0.305s]   not supported! The nvcc flag '-allow-unsupported-compiler' can be used to
[0.305s]   override this version check; however, using an unsupported host compiler
[0.305s]   may cause compilation failure or incorrect run time execution.  Use at your
[0.306s]   own risk.
[0.306s] 
[0.306s]     143 | #error -- unsupported GNU version! gcc versions later than 12 are not supported! The nvcc flag '-allow-unsupported-compiler' can be used to override this version check; however, using an unsupported host compiler may cause compilation failure or incorrect run time execution. Use at your own risk.
[0.307s]         |  ^~~~~
[0.307s] 
[0.307s]   # --error 0x1 --
[0.308s] 
[0.308s] 
[0.308s] 
[0.308s] 
[0.308s] 
[0.308s] Call Stack (most recent call first):
[0.309s]   /usr/share/cmake-3.28/Modules/CMakeDetermineCompilerId.cmake:8 (CMAKE_DETERMINE_COMPILER_ID_BUILD)
[0.309s]   /usr/share/cmake-3.28/Modules/CMakeDetermineCompilerId.cmake:53 (__determine_compiler_id_test)
[0.309s]   /usr/share/cmake-3.28/Modules/CMakeDetermineCUDACompiler.cmake:135 (CMAKE_DETERMINE_COMPILER_ID)
[0.309s]   CMakeLists.txt:8 (enable_language)
[0.309s] 
[0.310s] [0m
[0.310s] -- Configuring incomplete, errors occurred!
[0.310s] gmake: *** [Makefile:281: cmake_check_build_system] Error 1
[0.310s] Invoked command in '/home/jorge/ros2_thesis_ws/src/cuda_depth_register/build/cuda_depth_register' returned '2': CMAKE_PREFIX_PATH=${CMAKE_PREFIX_PATH}:/opt/ros/rolling /usr/bin/cmake --build /home/jorge/ros2_thesis_ws/src/cuda_depth_register/build/cuda_depth_register -- -j6 -l6
