-- Found ament_cmake: 2.8.4 (/opt/ros/rolling/share/ament_cmake/cmake)
-- Found rclcpp: 30.1.3 (/opt/ros/rolling/share/rclcpp/cmake)
-- Found rosidl_generator_c: 5.1.1 (/opt/ros/rolling/share/rosidl_generator_c/cmake)
-- Found rosidl_generator_cpp: 5.1.1 (/opt/ros/rolling/share/rosidl_generator_cpp/cmake)
-- Using all available rosidl_typesupport_c: rosidl_typesupport_fastrtps_c;rosidl_typesupport_introspection_c
-- Using all available rosidl_typesupport_cpp: rosidl_typesupport_fastrtps_cpp;rosidl_typesupport_introspection_cpp
-- Found rmw_implementation_cmake: 7.9.1 (/opt/ros/rolling/share/rmw_implementation_cmake/cmake)
-- Found rmw_fastrtps_cpp: 9.4.4 (/opt/ros/rolling/share/rmw_fastrtps_cpp/cmake)
-- Using RMW implementation 'rmw_fastrtps_cpp' as default
-- Found sensor_msgs: 5.9.1 (/opt/ros/rolling/share/sensor_msgs/cmake)
-- Found cv_bridge: 4.1.0 (/opt/ros/rolling/share/cv_bridge/cmake)
[33mCMake Warning (dev) at /usr/local/lib/cmake/opencv4/OpenCVConfig.cmake:86 (find_package):
  Policy CMP0146 is not set: The FindCUDA module is removed.  Run "cmake
  --help-policy CMP0146" for policy details.  Use the cmake_policy command to
  set the policy and suppress this warning.

Call Stack (most recent call first):
  /usr/local/lib/cmake/opencv4/OpenCVConfig.cmake:108 (find_host_package)
  /opt/ros/rolling/share/cv_bridge/cmake/ament_cmake_export_dependencies-extras.cmake:21 (find_package)
  /opt/ros/rolling/share/cv_bridge/cmake/cv_bridgeConfig.cmake:41 (include)
  CMakeLists.txt:16 (find_package)
This warning is for project developers.  Use -Wno-dev to suppress it.
[0m
-- Found image_transport: 6.4.3 (/opt/ros/rolling/share/image_transport/cmake)
-- Found tf2: 0.45.3 (/opt/ros/rolling/share/tf2/cmake)
-- Found tf2_ros: 0.45.3 (/opt/ros/rolling/share/tf2_ros/cmake)
-- Found tf2_geometry_msgs: 0.45.3 (/opt/ros/rolling/share/tf2_geometry_msgs/cmake)
[0mCMake Deprecation Warning at /opt/ros/rolling/share/ament_cmake_target_dependencies/cmake/ament_target_dependencies.cmake:87 (message):
  ament_target_dependencies() is deprecated.  Use target_link_libraries()
  with modern CMake targets instead.  Try replacing this call with:

    target_link_libraries(cuda_depth_register_node PUBLIC
      ${sensor_msgs_TARGETS}
      cv_bridge::cv_bridge
      image_transport::image_transport
      rclcpp::rclcpp
      sensor_msgs::sensor_msgs_library
      tf2::tf2
      tf2_geometry_msgs::tf2_geometry_msgs
      tf2_ros::static_transform_broadcaster_node
      tf2_ros::tf2_ros
    )

Call Stack (most recent call first):
  CMakeLists.txt:52 (ament_target_dependencies)

[0m
-- Configuring done (0.8s)
-- Generating done (0.0s)
-- Build files have been written to: /home/jorge/ros2_thesis_ws/src/cuda_depth_register/build/cuda_depth_register
[ 50%] Built target depth_register_cuda
gmake[2]: Warning: File '/home/jorge/ros2_thesis_ws/src/cuda_depth_register/src/cuda_depth_register_node.cpp' has modification time 16 s in the future
[ 75%] [32mBuilding CXX object CMakeFiles/cuda_depth_register_node.dir/src/cuda_depth_register_node.cpp.o[0m
In file included from [01m[K/home/jorge/ros2_thesis_ws/src/cuda_depth_register/src/cuda_depth_register_node.cpp:4[m[K:
[01m[K/opt/ros/rolling/include/tf2_ros/tf2_ros/buffer.h:40:4:[m[K [01;35m[Kwarning: [m[K#warning BUFFER_HEADER_DEPRECATION [[01;35m[K]8;;https://gcc.gnu.org/onlinedocs/gcc/Warning-Options.html#index-Wcpp-Wcpp]8;;[m[K]
   40 |   #[01;35m[Kwarning[m[K BUFFER_HEADER_DEPRECATION
      |    [01;35m[K^~~~~~~[m[K
In file included from [01m[K/home/jorge/ros2_thesis_ws/src/cuda_depth_register/src/cuda_depth_register_node.cpp:5[m[K:
[01m[K/opt/ros/rolling/include/tf2_ros/tf2_ros/transform_listener.h:40:4:[m[K [01;35m[Kwarning: [m[K#warning TRANSFORM_LISTENER_HEADER_DEPRECATION [[01;35m[K]8;;https://gcc.gnu.org/onlinedocs/gcc/Warning-Options.html#index-Wcpp-Wcpp]8;;[m[K]
   40 |   #[01;35m[Kwarning[m[K TRANSFORM_LISTENER_HEADER_DEPRECATION
      |    [01;35m[K^~~~~~~[m[K
[01m[K/home/jorge/ros2_thesis_ws/src/cuda_depth_register/src/cuda_depth_register_node.cpp:7:10:[m[K [01;31m[Kfatal error: [m[Ktf2/LinearMath/Quaternion.h: No such file or directory
    7 | #include [01;31m[K<tf2/LinearMath/Quaternion.h>[m[K
      |          [01;31m[K^~~~~~~~~~~~~~~~~~~~~~~~~~~~~[m[K
compilation terminated.
gmake[2]: *** [CMakeFiles/cuda_depth_register_node.dir/build.make:76: CMakeFiles/cuda_depth_register_node.dir/src/cuda_depth_register_node.cpp.o] Error 1
gmake[1]: *** [CMakeFiles/Makefile2:165: CMakeFiles/cuda_depth_register_node.dir/all] Error 2
gmake: *** [Makefile:146: all] Error 2
