[0.013s] Invoking command in '/home/jorge/ros2_thesis_ws/src/cuda_depth_register/build/cuda_depth_register': CMAKE_PREFIX_PATH=${CMAKE_PREFIX_PATH}:/opt/ros/rolling /usr/bin/cmake --build /home/jorge/ros2_thesis_ws/src/cuda_depth_register/build/cuda_depth_register -- -j6 -l6
[0.045s] -- Found ament_cmake: 2.8.4 (/opt/ros/rolling/share/ament_cmake/cmake)
[0.275s] -- Found rclcpp: 30.1.3 (/opt/ros/rolling/share/rclcpp/cmake)
[0.335s] -- Found rosidl_generator_c: 5.1.1 (/opt/ros/rolling/share/rosidl_generator_c/cmake)
[0.340s] -- Found rosidl_generator_cpp: 5.1.1 (/opt/ros/rolling/share/rosidl_generator_cpp/cmake)
[0.348s] -- Using all available rosidl_typesupport_c: rosidl_typesupport_fastrtps_c;rosidl_typesupport_introspection_c
[0.360s] -- Using all available rosidl_typesupport_cpp: rosidl_typesupport_fastrtps_cpp;rosidl_typesupport_introspection_cpp
[0.420s] -- Found rmw_implementation_cmake: 7.9.1 (/opt/ros/rolling/share/rmw_implementation_cmake/cmake)
[0.422s] -- Found rmw_fastrtps_cpp: 9.4.4 (/opt/ros/rolling/share/rmw_fastrtps_cpp/cmake)
[0.465s] -- Using RMW implementation 'rmw_fastrtps_cpp' as default
[0.530s] -- Found sensor_msgs: 5.9.1 (/opt/ros/rolling/share/sensor_msgs/cmake)
[0.586s] -- Found cv_bridge: 4.1.0 (/opt/ros/rolling/share/cv_bridge/cmake)
[0.588s] [33mCMake Warning (dev) at /usr/local/lib/cmake/opencv4/OpenCVConfig.cmake:86 (find_package):
[0.588s]   Policy CMP0146 is not set: The FindCUDA module is removed.  Run "cmake
[0.588s]   --help-policy CMP0146" for policy details.  Use the cmake_policy command to
[0.588s]   set the policy and suppress this warning.
[0.588s] 
[0.588s] Call Stack (most recent call first):
[0.589s]   /usr/local/lib/cmake/opencv4/OpenCVConfig.cmake:108 (find_host_package)
[0.589s]   /opt/ros/rolling/share/cv_bridge/cmake/ament_cmake_export_dependencies-extras.cmake:21 (find_package)
[0.589s]   /opt/ros/rolling/share/cv_bridge/cmake/cv_bridgeConfig.cmake:41 (include)
[0.589s]   CMakeLists.txt:16 (find_package)
[0.589s] This warning is for project developers.  Use -Wno-dev to suppress it.
[0.589s] [0m
[0.665s] -- Found image_transport: 6.4.3 (/opt/ros/rolling/share/image_transport/cmake)
[0.677s] -- Found tf2: 0.45.3 (/opt/ros/rolling/share/tf2/cmake)
[0.680s] -- Found tf2_ros: 0.45.3 (/opt/ros/rolling/share/tf2_ros/cmake)
[0.783s] -- Found tf2_geometry_msgs: 0.45.3 (/opt/ros/rolling/share/tf2_geometry_msgs/cmake)
[0.788s] [0mCMake Deprecation Warning at /opt/ros/rolling/share/ament_cmake_target_dependencies/cmake/ament_target_dependencies.cmake:87 (message):
[0.788s]   ament_target_dependencies() is deprecated.  Use target_link_libraries()
[0.788s]   with modern CMake targets instead.  Try replacing this call with:
[0.788s] 
[0.788s]     target_link_libraries(cuda_depth_register_node PUBLIC
[0.789s]       ${sensor_msgs_TARGETS}
[0.789s]       cv_bridge::cv_bridge
[0.789s]       image_transport::image_transport
[0.789s]       rclcpp::rclcpp
[0.789s]       sensor_msgs::sensor_msgs_library
[0.789s]       tf2::tf2
[0.789s]       tf2_geometry_msgs::tf2_geometry_msgs
[0.789s]       tf2_ros::static_transform_broadcaster_node
[0.789s]       tf2_ros::tf2_ros
[0.789s]     )
[0.789s] 
[0.789s] Call Stack (most recent call first):
[0.789s]   CMakeLists.txt:52 (ament_target_dependencies)
[0.789s] 
[0.790s] [0m
[0.885s] -- Configuring done (0.8s)
[0.906s] -- Generating done (0.0s)
[0.944s] -- Build files have been written to: /home/jorge/ros2_thesis_ws/src/cuda_depth_register/build/cuda_depth_register
[0.993s] [ 50%] Built target depth_register_cuda
[1.009s] gmake[2]: Warning: File '/home/jorge/ros2_thesis_ws/src/cuda_depth_register/src/cuda_depth_register_node.cpp' has modification time 16 s in the future
[1.019s] [ 75%] [32mBuilding CXX object CMakeFiles/cuda_depth_register_node.dir/src/cuda_depth_register_node.cpp.o[0m
[1.461s] In file included from [01m[K/home/jorge/ros2_thesis_ws/src/cuda_depth_register/src/cuda_depth_register_node.cpp:4[m[K:
[1.461s] [01m[K/opt/ros/rolling/include/tf2_ros/tf2_ros/buffer.h:40:4:[m[K [01;35m[Kwarning: [m[K#warning BUFFER_HEADER_DEPRECATION [[01;35m[K]8;;https://gcc.gnu.org/onlinedocs/gcc/Warning-Options.html#index-Wcpp-Wcpp]8;;[m[K]
[1.461s]    40 |   #[01;35m[Kwarning[m[K BUFFER_HEADER_DEPRECATION
[1.461s]       |    [01;35m[K^~~~[m[K
[1.679s] In file included from [01m[K/home/jorge/ros2_thesis_ws/src/cuda_depth_register/src/cuda_depth_register_node.cpp:5[m[K:
[1.680s] [01m[K/opt/ros/rolling/include/tf2_ros/tf2_ros/transform_listener.h:40:4:[m[K [01;35m[Kwarning: [m[K#warning TRANSFORM_LISTENER_HEADER_DEPRECATION [[01;35m[K]8;;https://gcc.gnu.org/onlinedocs/gcc/Warning-Options.html#index-Wcpp-Wcpp]8;;[m[K]
[1.680s]    40 |   #[01;35m[Kwarning[m[K TRANSFORM_LISTENER_HEADER_DEPRECATION
[1.681s]       |    [01;35m[K^~~~[m[K
[1.713s] [01m[K/home/jorge/ros2_thesis_ws/src/cuda_depth_register/src/cuda_depth_register_node.cpp:7:10:[m[K [01;31m[Kfatal error: [m[Ktf2/LinearMath/Quaternion.h: No such file or directory
[1.714s]     7 | #include [01;31m[K<tf2/LinearMath/Quaternion.h>[m[K
[1.714s]       |          [01;31m[K^~~~~~~~~~~~~~~[m[K
[1.714s] compilation terminated.
[1.721s] gmake[2]: *** [CMakeFiles/cuda_depth_register_node.dir/build.make:76: CMakeFiles/cuda_depth_register_node.dir/src/cuda_depth_register_node.cpp.o] Error 1
[1.721s] gmake[1]: *** [CMakeFiles/Makefile2:165: CMakeFiles/cuda_depth_register_node.dir/all] Error 2
[1.721s] gmake: *** [Makefile:146: all] Error 2
[1.724s] Invoked command in '/home/jorge/ros2_thesis_ws/src/cuda_depth_register/build/cuda_depth_register' returned '2': CMAKE_PREFIX_PATH=${CMAKE_PREFIX_PATH}:/opt/ros/rolling /usr/bin/cmake --build /home/jorge/ros2_thesis_ws/src/cuda_depth_register/build/cuda_depth_register -- -j6 -l6
