In file included from [01m[K/home/jorge/ros2_thesis_ws/src/cuda_depth_register/src/cuda_depth_register_node.cpp:4[m[K:
[01m[K/opt/ros/rolling/include/tf2_ros/tf2_ros/buffer.h:40:4:[m[K [01;35m[Kwarning: [m[K#warning BUFFER_HEADER_DEPRECATION [[01;35m[K]8;;https://gcc.gnu.org/onlinedocs/gcc/Warning-Options.html#index-Wcpp-Wcpp]8;;[m[K]
   40 |   #[01;35m[Kwarning[m[K BUFFER_HEADER_DEPRECATION
      |    [01;35m[K^~~~~~~[m[K
In file included from [01m[K/home/jorge/ros2_thesis_ws/src/cuda_depth_register/src/cuda_depth_register_node.cpp:5[m[K:
[01m[K/opt/ros/rolling/include/tf2_ros/tf2_ros/transform_listener.h:40:4:[m[K [01;35m[Kwarning: [m[K#warning TRANSFORM_LISTENER_HEADER_DEPRECATION [[01;35m[K]8;;https://gcc.gnu.org/onlinedocs/gcc/Warning-Options.html#index-Wcpp-Wcpp]8;;[m[K]
   40 |   #[01;35m[Kwarning[m[K TRANSFORM_LISTENER_HEADER_DEPRECATION
      |    [01;35m[K^~~~~~~[m[K
[01m[K/home/jorge/ros2_thesis_ws/src/cuda_depth_register/src/cuda_depth_register_node.cpp:[m[K In destructor ‘[01m[Kvirtual CudaDepthRegisterNode::[01;32m[K~CudaDepthRegisterNode[m[K()[m[K’:
[01m[K/home/jorge/ros2_thesis_ws/src/cuda_depth_register/src/cuda_depth_register_node.cpp:52:26:[m[K [01;31m[Kerror: [m[K‘[01m[KcudaFree[m[K’ was not declared in this scope
   52 |         if (d_depth_in_) [01;31m[KcudaFree[m[K(d_depth_in_);
      |                          [01;31m[K^~~~~~~~[m[K
[01m[K/home/jorge/ros2_thesis_ws/src/cuda_depth_register/src/cuda_depth_register_node.cpp:53:27:[m[K [01;31m[Kerror: [m[K‘[01m[KcudaFree[m[K’ was not declared in this scope
   53 |         if (d_depth_out_) [01;31m[KcudaFree[m[K(d_depth_out_);
      |                           [01;31m[K^~~~~~~~[m[K
[01m[K/home/jorge/ros2_thesis_ws/src/cuda_depth_register/src/cuda_depth_register_node.cpp:54:26:[m[K [01;31m[Kerror: [m[K‘[01m[KcudaFree[m[K’ was not declared in this scope
   54 |         if (d_z_buffer_) [01;31m[KcudaFree[m[K(d_z_buffer_);
      |                          [01;31m[K^~~~~~~~[m[K
[01m[K/home/jorge/ros2_thesis_ws/src/cuda_depth_register/src/cuda_depth_register_node.cpp:[m[K In member function ‘[01m[Kvoid CudaDepthRegisterNode::[01;32m[KensureBuffers[m[K(int, int)[m[K’:
[01m[K/home/jorge/ros2_thesis_ws/src/cuda_depth_register/src/cuda_depth_register_node.cpp:71:30:[m[K [01;31m[Kerror: [m[K‘[01m[KcudaFree[m[K’ was not declared in this scope
   71 |             if (d_depth_in_) [01;31m[KcudaFree[m[K(d_depth_in_);
      |                              [01;31m[K^~~~~~~~[m[K
[01m[K/home/jorge/ros2_thesis_ws/src/cuda_depth_register/src/cuda_depth_register_node.cpp:72:13:[m[K [01;31m[Kerror: [m[K‘[01m[KcudaMalloc[m[K’ was not declared in this scope; did you mean ‘[01m[Kcalloc[m[K’?
   72 |             [01;31m[KcudaMalloc[m[K(&d_depth_in_, depth_pixels * sizeof(uint16_t));
      |             [01;31m[K^~~~~~~~~~[m[K
      |             [32m[Kcalloc[m[K
[01m[K/home/jorge/ros2_thesis_ws/src/cuda_depth_register/src/cuda_depth_register_node.cpp:77:31:[m[K [01;31m[Kerror: [m[K‘[01m[KcudaFree[m[K’ was not declared in this scope
   77 |             if (d_depth_out_) [01;31m[KcudaFree[m[K(d_depth_out_);
      |                               [01;31m[K^~~~~~~~[m[K
[01m[K/home/jorge/ros2_thesis_ws/src/cuda_depth_register/src/cuda_depth_register_node.cpp:78:30:[m[K [01;31m[Kerror: [m[K‘[01m[KcudaFree[m[K’ was not declared in this scope
   78 |             if (d_z_buffer_) [01;31m[KcudaFree[m[K(d_z_buffer_);
      |                              [01;31m[K^~~~~~~~[m[K
[01m[K/home/jorge/ros2_thesis_ws/src/cuda_depth_register/src/cuda_depth_register_node.cpp:80:13:[m[K [01;31m[Kerror: [m[K‘[01m[KcudaMalloc[m[K’ was not declared in this scope; did you mean ‘[01m[Kcalloc[m[K’?
   80 |             [01;31m[KcudaMalloc[m[K(&d_depth_out_, color_pixels * sizeof(uint16_t));
      |             [01;31m[K^~~~~~~~~~[m[K
      |             [32m[Kcalloc[m[K
[01m[K/home/jorge/ros2_thesis_ws/src/cuda_depth_register/src/cuda_depth_register_node.cpp:[m[K In member function ‘[01m[Kvoid CudaDepthRegisterNode::[01;32m[KdepthCallback[m[K(sensor_msgs::msg::Image_<std::allocator<void> >::SharedPtr)[m[K’:
[01m[K/home/jorge/ros2_thesis_ws/src/cuda_depth_register/src/cuda_depth_register_node.cpp:230:13:[m[K [01;31m[Kerror: [m[K‘[01m[KcudaMemcpyHostToDevice[m[K’ was not declared in this scope
  230 |             [01;31m[KcudaMemcpyHostToDevice[m[K
      |             [01;31m[K^~~~~~~~~~~~~~~~~~~~~~[m[K
[01m[K/home/jorge/ros2_thesis_ws/src/cuda_depth_register/src/cuda_depth_register_node.cpp:226:9:[m[K [01;31m[Kerror: [m[K‘[01m[KcudaMemcpy[m[K’ was not declared in this scope
  226 |         [01;31m[KcudaMemcpy[m[K(
      |         [01;31m[K^~~~~~~~~~[m[K
[01m[K/home/jorge/ros2_thesis_ws/src/cuda_depth_register/src/cuda_depth_register_node.cpp:249:13:[m[K [01;31m[Kerror: [m[K‘[01m[KcudaMemcpyDeviceToHost[m[K’ was not declared in this scope
  249 |             [01;31m[KcudaMemcpyDeviceToHost[m[K
      |             [01;31m[K^~~~~~~~~~~~~~~~~~~~~~[m[K
gmake[2]: *** [CMakeFiles/cuda_depth_register_node.dir/build.make:76: CMakeFiles/cuda_depth_register_node.dir/src/cuda_depth_register_node.cpp.o] Error 1
gmake[1]: *** [CMakeFiles/Makefile2:165: CMakeFiles/cuda_depth_register_node.dir/all] Error 2
gmake: *** [Makefile:146: all] Error 2
