[-37.543s] DEBUG:colcon:Command line arguments: ['/usr/bin/colcon', 'build']
[-37.543s] DEBUG:colcon:Parsed command line arguments: Namespace(log_base=None, log_level=None, verb_name='build', build_base='build', install_base='install', merge_install=False, symlink_install=False, test_result_base=None, continue_on_error=False, executor='parallel', parallel_workers=6, event_handlers=None, ignore_user_meta=False, metas=['./colcon.meta'], base_paths=['.'], packages_ignore=None, packages_ignore_regex=None, paths=None, packages_up_to=None, packages_up_to_regex=None, packages_above=None, packages_above_and_dependencies=None, packages_above_depth=None, packages_select_by_dep=None, packages_skip_by_dep=None, packages_skip_up_to=None, packages_select_build_failed=False, packages_skip_build_finished=False, packages_select_test_failures=False, packages_skip_test_passed=False, packages_select=None, packages_skip=None, packages_select_regex=None, packages_skip_regex=None, packages_start=None, packages_end=None, allow_overriding=[], cmake_args=None, cmake_target=None, cmake_target_skip_unavailable=False, cmake_clean_cache=False, cmake_clean_first=False, cmake_force_configure=False, ament_cmake_args=None, catkin_cmake_args=None, catkin_skip_building_tests=False, mixin_files=None, mixin=None, verb_parser=<colcon_mixin.mixin.mixin_argument.MixinArgumentDecorator object at 0x740083159850>, verb_extension=<colcon_core.verb.build.BuildVerb object at 0x7400831595e0>, main=<bound method BuildVerb.main of <colcon_core.verb.build.BuildVerb object at 0x7400831595e0>>, mixin_verb=('build',))
[-37.499s] Level 1:colcon.colcon_core.package_discovery:discover_packages(colcon_meta) check parameters
[-37.499s] Level 1:colcon.colcon_core.package_discovery:discover_packages(recursive) check parameters
[-37.499s] Level 1:colcon.colcon_core.package_discovery:discover_packages(ignore) check parameters
[-37.499s] Level 1:colcon.colcon_core.package_discovery:discover_packages(path) check parameters
[-37.499s] Level 1:colcon.colcon_core.package_discovery:discover_packages(colcon_meta) discover
[-37.499s] Level 1:colcon.colcon_core.package_discovery:discover_packages(recursive) discover
[-37.499s] INFO:colcon.colcon_core.package_discovery:Crawling recursively for packages in '/home/jorge/ros2_thesis_ws/src/cuda_depth_register'
[-37.499s] Level 1:colcon.colcon_core.package_identification:_identify(.) by extensions ['ignore', 'ignore_ament_install']
[-37.498s] Level 1:colcon.colcon_core.package_identification:_identify(.) by extension 'ignore'
[-37.498s] Level 1:colcon.colcon_core.package_identification:_identify(.) by extension 'ignore_ament_install'
[-37.498s] Level 1:colcon.colcon_core.package_identification:_identify(.) by extensions ['colcon_pkg']
[-37.498s] Level 1:colcon.colcon_core.package_identification:_identify(.) by extension 'colcon_pkg'
[-37.498s] Level 1:colcon.colcon_core.package_identification:_identify(.) by extensions ['colcon_meta']
[-37.498s] Level 1:colcon.colcon_core.package_identification:_identify(.) by extension 'colcon_meta'
[-37.498s] Level 1:colcon.colcon_core.package_identification:_identify(.) by extensions ['ros']
[-37.498s] Level 1:colcon.colcon_core.package_identification:_identify(.) by extension 'ros'
[-37.470s] DEBUG:colcon.colcon_core.package_identification:Package '.' with type 'ros.ament_cmake' and name 'cuda_depth_register'
[-37.470s] Level 1:colcon.colcon_core.package_discovery:discover_packages(recursive) using defaults
[-37.469s] Level 1:colcon.colcon_core.package_discovery:discover_packages(ignore) discover
[-37.469s] Level 1:colcon.colcon_core.package_discovery:discover_packages(ignore) using defaults
[-37.469s] Level 1:colcon.colcon_core.package_discovery:discover_packages(path) discover
[-37.469s] Level 1:colcon.colcon_core.package_discovery:discover_packages(path) using defaults
[-37.450s] Level 1:colcon.colcon_core.package_discovery:discover_packages(prefix_path) check parameters
[-37.450s] Level 1:colcon.colcon_core.package_discovery:discover_packages(prefix_path) discover
[-37.448s] DEBUG:colcon.colcon_installed_package_information.package_discovery:Found 1 installed packages in /home/jorge/ros2_thesis_ws/src/VIGS-Fusion/install
[-37.448s] DEBUG:colcon.colcon_installed_package_information.package_discovery:Found 1 installed packages in /home/jorge/ros2_thesis_ws/src/f_vigs_slam/install
[-37.447s] DEBUG:colcon.colcon_installed_package_information.package_discovery:Found 290 installed packages in /opt/ros/rolling
[-37.445s] Level 1:colcon.colcon_core.package_discovery:discover_packages(prefix_path) using defaults
[-37.400s] Level 5:colcon.colcon_core.verb:set package 'cuda_depth_register' build argument 'cmake_args' from command line to 'None'
[-37.400s] Level 5:colcon.colcon_core.verb:set package 'cuda_depth_register' build argument 'cmake_target' from command line to 'None'
[-37.400s] Level 5:colcon.colcon_core.verb:set package 'cuda_depth_register' build argument 'cmake_target_skip_unavailable' from command line to 'False'
[-37.400s] Level 5:colcon.colcon_core.verb:set package 'cuda_depth_register' build argument 'cmake_clean_cache' from command line to 'False'
[-37.400s] Level 5:colcon.colcon_core.verb:set package 'cuda_depth_register' build argument 'cmake_clean_first' from command line to 'False'
[-37.400s] Level 5:colcon.colcon_core.verb:set package 'cuda_depth_register' build argument 'cmake_force_configure' from command line to 'False'
[-37.400s] Level 5:colcon.colcon_core.verb:set package 'cuda_depth_register' build argument 'ament_cmake_args' from command line to 'None'
[-37.400s] Level 5:colcon.colcon_core.verb:set package 'cuda_depth_register' build argument 'catkin_cmake_args' from command line to 'None'
[-37.400s] Level 5:colcon.colcon_core.verb:set package 'cuda_depth_register' build argument 'catkin_skip_building_tests' from command line to 'False'
[-37.400s] DEBUG:colcon.colcon_core.verb:Building package 'cuda_depth_register' with the following arguments: {'ament_cmake_args': None, 'build_base': '/home/jorge/ros2_thesis_ws/src/cuda_depth_register/build/cuda_depth_register', 'catkin_cmake_args': None, 'catkin_skip_building_tests': False, 'cmake_args': None, 'cmake_clean_cache': False, 'cmake_clean_first': False, 'cmake_force_configure': False, 'cmake_target': None, 'cmake_target_skip_unavailable': False, 'install_base': '/home/jorge/ros2_thesis_ws/src/cuda_depth_register/install/cuda_depth_register', 'merge_install': False, 'path': '/home/jorge/ros2_thesis_ws/src/cuda_depth_register', 'symlink_install': False, 'test_result_base': None}
[-37.399s] INFO:colcon.colcon_core.executor:Executing jobs using 'parallel' executor
[-37.399s] DEBUG:colcon.colcon_parallel_executor.executor.parallel:run_until_complete
[-37.398s] INFO:colcon.colcon_ros.task.ament_cmake.build:Building ROS package in '/home/jorge/ros2_thesis_ws/src/cuda_depth_register' with build type 'ament_cmake'
[-37.398s] INFO:colcon.colcon_cmake.task.cmake.build:Building CMake package in '/home/jorge/ros2_thesis_ws/src/cuda_depth_register'
[-37.395s] INFO:colcon.colcon_core.plugin_system:Skipping extension 'colcon_core.shell.bat': Not used on non-Windows systems
[-37.395s] INFO:colcon.colcon_core.shell:Skip shell extension 'powershell' for command environment: Not usable outside of PowerShell
[-37.395s] DEBUG:colcon.colcon_core.shell:Skip shell extension 'dsv' for command environment
[-37.384s] DEBUG:colcon.colcon_core.event_handler.log_command:Invoking command in '/home/jorge/ros2_thesis_ws/src/cuda_depth_register/build/cuda_depth_register': CMAKE_PREFIX_PATH=${CMAKE_PREFIX_PATH}:/opt/ros/rolling /usr/bin/cmake --build /home/jorge/ros2_thesis_ws/src/cuda_depth_register/build/cuda_depth_register -- -j6 -l6
[-35.673s] DEBUG:colcon.colcon_core.event_handler.log_command:Invoked command in '/home/jorge/ros2_thesis_ws/src/cuda_depth_register/build/cuda_depth_register' returned '2': CMAKE_PREFIX_PATH=${CMAKE_PREFIX_PATH}:/opt/ros/rolling /usr/bin/cmake --build /home/jorge/ros2_thesis_ws/src/cuda_depth_register/build/cuda_depth_register -- -j6 -l6
[-35.672s] Level 1:colcon.colcon_core.environment:create_environment_scripts_only(cuda_depth_register)
[-35.670s] Level 1:colcon.colcon_core.environment:checking '/home/jorge/ros2_thesis_ws/src/cuda_depth_register/install/cuda_depth_register' for CMake module files
[-35.670s] Level 1:colcon.colcon_core.environment:checking '/home/jorge/ros2_thesis_ws/src/cuda_depth_register/install/cuda_depth_register' for CMake config files
[-35.669s] Level 1:colcon.colcon_core.environment:checking '/home/jorge/ros2_thesis_ws/src/cuda_depth_register/install/cuda_depth_register/bin'
[-35.669s] Level 1:colcon.colcon_core.environment:checking '/home/jorge/ros2_thesis_ws/src/cuda_depth_register/install/cuda_depth_register/lib/pkgconfig/cuda_depth_register.pc'
[-35.669s] Level 1:colcon.colcon_core.environment:checking '/home/jorge/ros2_thesis_ws/src/cuda_depth_register/install/cuda_depth_register/lib/python3.12/site-packages'
[-35.668s] Level 1:colcon.colcon_core.environment:checking '/home/jorge/ros2_thesis_ws/src/cuda_depth_register/install/cuda_depth_register/bin'
[-35.668s] INFO:colcon.colcon_core.shell:Creating package script '/home/jorge/ros2_thesis_ws/src/cuda_depth_register/install/cuda_depth_register/share/cuda_depth_register/package.ps1'
[-35.667s] INFO:colcon.colcon_core.shell:Creating package descriptor '/home/jorge/ros2_thesis_ws/src/cuda_depth_register/install/cuda_depth_register/share/cuda_depth_register/package.dsv'
[-35.667s] INFO:colcon.colcon_core.shell:Creating package script '/home/jorge/ros2_thesis_ws/src/cuda_depth_register/install/cuda_depth_register/share/cuda_depth_register/package.sh'
[-35.666s] INFO:colcon.colcon_core.shell:Creating package script '/home/jorge/ros2_thesis_ws/src/cuda_depth_register/install/cuda_depth_register/share/cuda_depth_register/package.bash'
[-35.665s] INFO:colcon.colcon_core.shell:Creating package script '/home/jorge/ros2_thesis_ws/src/cuda_depth_register/install/cuda_depth_register/share/cuda_depth_register/package.zsh'
[-35.665s] Level 1:colcon.colcon_core.environment:create_file_with_runtime_dependencies(/home/jorge/ros2_thesis_ws/src/cuda_depth_register/install/cuda_depth_register/share/colcon-core/packages/cuda_depth_register)
[-35.654s] DEBUG:colcon.colcon_parallel_executor.executor.parallel:closing loop
[-35.654s] DEBUG:colcon.colcon_parallel_executor.executor.parallel:loop closed
[-35.654s] DEBUG:colcon.colcon_parallel_executor.executor.parallel:run_until_complete finished with '2'
[-35.653s] DEBUG:colcon.colcon_core.event_reactor:joining thread
[-35.627s] INFO:colcon.colcon_core.plugin_system:Skipping extension 'colcon_notification.desktop_notification.notify_send': Could not find 'notify-send'
[-35.627s] INFO:colcon.colcon_core.plugin_system:Skipping extension 'colcon_notification.desktop_notification.terminal_notifier': Not used on non-Darwin systems
[-35.626s] INFO:colcon.colcon_core.plugin_system:Skipping extension 'colcon_notification.desktop_notification.win32': Not used on non-Windows systems
[-35.626s] INFO:colcon.colcon_notification.desktop_notification:Sending desktop notification using 'notify2'
[-35.625s] DEBUG:colcon.colcon_notification.desktop_notification.notify2:Failed to initialize notify2: org.freedesktop.DBus.Error.ServiceUnknown: The name org.freedesktop.Notifications was not provided by any .service files
[-35.625s] DEBUG:colcon.colcon_core.event_reactor:joined thread
[-35.625s] INFO:colcon.colcon_core.shell:Creating prefix script '/home/jorge/ros2_thesis_ws/src/cuda_depth_register/install/local_setup.ps1'
[-35.624s] INFO:colcon.colcon_core.shell:Creating prefix util module '/home/jorge/ros2_thesis_ws/src/cuda_depth_register/install/_local_setup_util_ps1.py'
[-35.623s] INFO:colcon.colcon_core.shell:Creating prefix chain script '/home/jorge/ros2_thesis_ws/src/cuda_depth_register/install/setup.ps1'
[-35.622s] INFO:colcon.colcon_core.shell:Creating prefix script '/home/jorge/ros2_thesis_ws/src/cuda_depth_register/install/local_setup.sh'
[-35.622s] INFO:colcon.colcon_core.shell:Creating prefix util module '/home/jorge/ros2_thesis_ws/src/cuda_depth_register/install/_local_setup_util_sh.py'
[-35.621s] INFO:colcon.colcon_core.shell:Creating prefix chain script '/home/jorge/ros2_thesis_ws/src/cuda_depth_register/install/setup.sh'
[-35.620s] INFO:colcon.colcon_core.shell:Creating prefix script '/home/jorge/ros2_thesis_ws/src/cuda_depth_register/install/local_setup.bash'
[-35.619s] INFO:colcon.colcon_core.shell:Creating prefix chain script '/home/jorge/ros2_thesis_ws/src/cuda_depth_register/install/setup.bash'
[-35.618s] INFO:colcon.colcon_core.shell:Creating prefix script '/home/jorge/ros2_thesis_ws/src/cuda_depth_register/install/local_setup.zsh'
[-35.618s] INFO:colcon.colcon_core.shell:Creating prefix chain script '/home/jorge/ros2_thesis_ws/src/cuda_depth_register/install/setup.zsh'
