[0.013s] Invoking command in '/home/jorge/ros2_thesis_ws/src/cuda_depth_register/build/cuda_depth_register': CMAKE_PREFIX_PATH=${CMAKE_PREFIX_PATH}:/opt/ros/rolling /usr/bin/cmake --build /home/jorge/ros2_thesis_ws/src/cuda_depth_register/build/cuda_depth_register -- -j6 -l6
[0.079s] [ 50%] Built target depth_register_cuda
[0.106s] [ 75%] [32mBuilding CXX object CMakeFiles/cuda_depth_register_node.dir/src/cuda_depth_register_node.cpp.o[0m
[0.487s] In file included from [01m[K/home/jorge/ros2_thesis_ws/src/cuda_depth_register/src/cuda_depth_register_node.cpp:4[m[K:
[0.487s] [01m[K/opt/ros/rolling/include/tf2_ros/tf2_ros/buffer.h:40:4:[m[K [01;35m[Kwarning: [m[K#warning BUFFER_HEADER_DEPRECATION [[01;35m[K]8;;https://gcc.gnu.org/onlinedocs/gcc/Warning-Options.html#index-Wcpp-Wcpp]8;;[m[K]
[0.487s]    40 |   #[01;35m[Kwarning[m[K BUFFER_HEADER_DEPRECATION
[0.487s]       |    [01;35m[K^~~~~~~[m[K
[0.512s] In file included from [01m[K/home/jorge/ros2_thesis_ws/src/cuda_depth_register/src/cuda_depth_register_node.cpp:5[m[K:
[0.512s] [01m[K/opt/ros/rolling/include/tf2_ros/tf2_ros/transform_listener.h:40:4:[m[K [01;35m[Kwarning: [m[K#warning TRANSFORM_LISTENER_HEADER_DEPRECATION [[01;35m[K]8;;https://gcc.gnu.org/onlinedocs/gcc/Warning-Options.html#index-Wcpp-Wcpp]8;;[m[K]
[0.512s]    40 |   #[01;35m[Kwarning[m[K TRANSFORM_LISTENER_HEADER_DEPRECATION
[0.513s]       |    [01;35m[K^~~~~~~[m[K
[3.503s] In file included from [01m[K/home/jorge/ros2_thesis_ws/src/cuda_depth_register/src/cuda_depth_register_node.cpp:10[m[K:
[3.503s] [01m[K/home/jorge/ros2_thesis_ws/src/cuda_depth_register/include/cuda_depth_register/common_types.hpp:3:18:[m[K [01;31m[Kerror: [m[Kexpected unqualified-id before numeric constant
[3.504s]     3 | struct __align__([01;31m[K16[m[K) Intrinsics
[3.504s]       |                  [01;31m[K^~[m[K
[3.504s] [01m[K/home/jorge/ros2_thesis_ws/src/cuda_depth_register/include/cuda_depth_register/common_types.hpp:3:18:[m[K [01;31m[Kerror: [m[Kexpected ‘[01m[K)[m[K’ before numeric constant
[3.504s]     3 | struct __align__[34m[K([m[K[01;31m[K1[m[K[32m[K6[m[K) Intrinsics
[3.504s]       |                 [34m[K~[m[K[01;31m[K^[m[K[32m[K~[m[K
[3.504s]       |                  [32m[K)[m[K
[3.504s] [01m[K/home/jorge/ros2_thesis_ws/src/cuda_depth_register/include/cuda_depth_register/common_types.hpp:10:18:[m[K [01;31m[Kerror: [m[Kexpected unqualified-id before numeric constant
[3.504s]    10 | struct __align__([01;31m[K16[m[K) Extrinsics
[3.504s]       |                  [01;31m[K^~[m[K
[3.504s] [01m[K/home/jorge/ros2_thesis_ws/src/cuda_depth_register/include/cuda_depth_register/common_types.hpp:10:18:[m[K [01;31m[Kerror: [m[Kexpected ‘[01m[K)[m[K’ before numeric constant
[3.504s]    10 | struct __align__[34m[K([m[K[01;31m[K1[m[K[32m[K6[m[K) Extrinsics
[3.504s]       |                 [34m[K~[m[K[01;31m[K^[m[K[32m[K~[m[K
[3.505s]       |                  [32m[K)[m[K
[3.505s] In file included from [01m[K/home/jorge/ros2_thesis_ws/src/cuda_depth_register/src/cuda_depth_register_node.cpp:11[m[K:
[3.505s] [01m[K/home/jorge/ros2_thesis_ws/src/cuda_depth_register/include/cuda_depth_register/depth_register.hpp:16:6:[m[K [01;31m[Kerror: [m[Kvariable or field ‘[01m[KupdateConstants[m[K’ declared void
[3.505s]    16 | void [01;31m[KupdateConstants[m[K(
[3.505s]       |      [01;31m[K^~~~~~~~~~~~~~~[m[K
[3.590s] [01m[K/home/jorge/ros2_thesis_ws/src/cuda_depth_register/include/cuda_depth_register/depth_register.hpp:17:5:[m[K [01;31m[Kerror: [m[K‘[01m[KIntrinsics[m[K’ was not declared in this scope
[3.590s]    17 |     [01;31m[KIntrinsics[m[K depth_K,
[3.590s]       |     [01;31m[K^~~~~~~~~~[m[K
[3.596s] [01m[K/home/jorge/ros2_thesis_ws/src/cuda_depth_register/include/cuda_depth_register/depth_register.hpp:18:5:[m[K [01;31m[Kerror: [m[K‘[01m[KIntrinsics[m[K’ was not declared in this scope
[3.596s]    18 |     [01;31m[KIntrinsics[m[K color_K,
[3.596s]       |     [01;31m[K^~~~~~~~~~[m[K
[3.602s] [01m[K/home/jorge/ros2_thesis_ws/src/cuda_depth_register/include/cuda_depth_register/depth_register.hpp:19:5:[m[K [01;31m[Kerror: [m[K‘[01m[KExtrinsics[m[K’ was not declared in this scope
[3.602s]    19 |     [01;31m[KExtrinsics[m[K T_color_depth
[3.602s]       |     [01;31m[K^~~~~~~~~~[m[K
[3.667s] [01m[K/home/jorge/ros2_thesis_ws/src/cuda_depth_register/src/cuda_depth_register_node.cpp:91:5:[m[K [01;31m[Kerror: [m[K‘[01m[KExtrinsics[m[K’ does not name a type
[3.668s]    91 |     [01;31m[KExtrinsics[m[K T_color_depth_; // Pasa de depth a color
[3.668s]       |     [01;31m[K^~~~~~~~~~[m[K
[3.675s] [01m[K/home/jorge/ros2_thesis_ws/src/cuda_depth_register/src/cuda_depth_register_node.cpp:92:5:[m[K [01;31m[Kerror: [m[K‘[01m[KIntrinsics[m[K’ does not name a type
[3.675s]    92 |     [01;31m[KIntrinsics[m[K color_K_;
[3.676s]       |     [01;31m[K^~~~~~~~~~[m[K
[3.681s] [01m[K/home/jorge/ros2_thesis_ws/src/cuda_depth_register/src/cuda_depth_register_node.cpp:93:5:[m[K [01;31m[Kerror: [m[K‘[01m[KIntrinsics[m[K’ does not name a type
[3.681s]    93 |     [01;31m[KIntrinsics[m[K depth_K_;
[3.682s]       |     [01;31m[K^~~~~~~~~~[m[K
[3.827s] [01m[K/home/jorge/ros2_thesis_ws/src/cuda_depth_register/src/cuda_depth_register_node.cpp:[m[K In destructor ‘[01m[Kvirtual CudaDepthRegisterNode::[01;32m[K~CudaDepthRegisterNode[m[K()[m[K’:
[3.827s] [01m[K/home/jorge/ros2_thesis_ws/src/cuda_depth_register/src/cuda_depth_register_node.cpp:52:26:[m[K [01;31m[Kerror: [m[K‘[01m[KcudaFree[m[K’ was not declared in this scope
[3.827s]    52 |         if (d_depth_in_) [01;31m[KcudaFree[m[K(d_depth_in_);
[3.827s]       |                          [01;31m[K^~~~~~~~[m[K
[3.833s] [01m[K/home/jorge/ros2_thesis_ws/src/cuda_depth_register/src/cuda_depth_register_node.cpp:53:27:[m[K [01;31m[Kerror: [m[K‘[01m[KcudaFree[m[K’ was not declared in this scope
[3.833s]    53 |         if (d_depth_out_) [01;31m[KcudaFree[m[K(d_depth_out_);
[3.833s]       |                           [01;31m[K^~~~~~~~[m[K
[3.839s] [01m[K/home/jorge/ros2_thesis_ws/src/cuda_depth_register/src/cuda_depth_register_node.cpp:54:26:[m[K [01;31m[Kerror: [m[K‘[01m[KcudaFree[m[K’ was not declared in this scope
[3.839s]    54 |         if (d_z_buffer_) [01;31m[KcudaFree[m[K(d_z_buffer_);
[3.839s]       |                          [01;31m[K^~~~~~~~[m[K
[3.847s] [01m[K/home/jorge/ros2_thesis_ws/src/cuda_depth_register/src/cuda_depth_register_node.cpp:[m[K In member function ‘[01m[Kvoid CudaDepthRegisterNode::[01;32m[KensureBuffers[m[K(int, int)[m[K’:
[3.847s] [01m[K/home/jorge/ros2_thesis_ws/src/cuda_depth_register/src/cuda_depth_register_node.cpp:71:30:[m[K [01;31m[Kerror: [m[K‘[01m[KcudaFree[m[K’ was not declared in this scope
[3.847s]    71 |             if (d_depth_in_) [01;31m[KcudaFree[m[K(d_depth_in_);
[3.847s]       |                              [01;31m[K^~~~~~~~[m[K
[3.853s] [01m[K/home/jorge/ros2_thesis_ws/src/cuda_depth_register/src/cuda_depth_register_node.cpp:72:13:[m[K [01;31m[Kerror: [m[K‘[01m[KcudaMalloc[m[K’ was not declared in this scope; did you mean ‘[01m[Kcalloc[m[K’?
[3.853s]    72 |             [01;31m[KcudaMalloc[m[K(&d_depth_in_, depth_pixels * sizeof(uint16_t));
[3.853s]       |             [01;31m[K^~~~~~~~~~[m[K
[3.853s]       |             [32m[Kcalloc[m[K
[3.859s] [01m[K/home/jorge/ros2_thesis_ws/src/cuda_depth_register/src/cuda_depth_register_node.cpp:77:31:[m[K [01;31m[Kerror: [m[K‘[01m[KcudaFree[m[K’ was not declared in this scope
[3.859s]    77 |             if (d_depth_out_) [01;31m[KcudaFree[m[K(d_depth_out_);
[3.859s]       |                               [01;31m[K^~~~~~~~[m[K
[3.865s] [01m[K/home/jorge/ros2_thesis_ws/src/cuda_depth_register/src/cuda_depth_register_node.cpp:78:30:[m[K [01;31m[Kerror: [m[K‘[01m[KcudaFree[m[K’ was not declared in this scope
[3.866s]    78 |             if (d_z_buffer_) [01;31m[KcudaFree[m[K(d_z_buffer_);
[3.866s]       |                              [01;31m[K^~~~~~~~[m[K
[3.872s] [01m[K/home/jorge/ros2_thesis_ws/src/cuda_depth_register/src/cuda_depth_register_node.cpp:80:13:[m[K [01;31m[Kerror: [m[K‘[01m[KcudaMalloc[m[K’ was not declared in this scope; did you mean ‘[01m[Kcalloc[m[K’?
[3.872s]    80 |             [01;31m[KcudaMalloc[m[K(&d_depth_out_, color_pixels * sizeof(uint16_t));
[3.872s]       |             [01;31m[K^~~~~~~~~~[m[K
[3.872s]       |             [32m[Kcalloc[m[K
[3.879s] [01m[K/home/jorge/ros2_thesis_ws/src/cuda_depth_register/src/cuda_depth_register_node.cpp:[m[K In member function ‘[01m[Kvoid CudaDepthRegisterNode::[01;32m[KcolorInfoCallback[m[K(sensor_msgs::msg::CameraInfo_<std::allocator<void> >::SharedPtr)[m[K’:
[3.879s] [01m[K/home/jorge/ros2_thesis_ws/src/cuda_depth_register/src/cuda_depth_register_node.cpp:104:9:[m[K [01;31m[Kerror: [m[K‘[01m[Kcolor_K_[m[K’ was not declared in this scope; did you mean ‘[01m[Kcolor_w_[m[K’?
[3.879s]   104 |         [01;31m[Kcolor_K_[m[K.fx = msg->k[0];
[3.879s]       |         [01;31m[K^~~~~~~~[m[K
[3.879s]       |         [32m[Kcolor_w_[m[K
[3.886s] [01m[K/home/jorge/ros2_thesis_ws/src/cuda_depth_register/src/cuda_depth_register_node.cpp:[m[K In member function ‘[01m[Kvoid CudaDepthRegisterNode::[01;32m[KdepthInfoCallback[m[K(sensor_msgs::msg::CameraInfo_<std::allocator<void> >::SharedPtr)[m[K’:
[3.886s] [01m[K/home/jorge/ros2_thesis_ws/src/cuda_depth_register/src/cuda_depth_register_node.cpp:124:9:[m[K [01;31m[Kerror: [m[K‘[01m[Kdepth_K_[m[K’ was not declared in this scope; did you mean ‘[01m[Kdepth_w_[m[K’?
[3.886s]   124 |         [01;31m[Kdepth_K_[m[K.fx = msg->k[0];
[3.886s]       |         [01;31m[K^~~~~~~~[m[K
[3.886s]       |         [32m[Kdepth_w_[m[K
[3.898s] [01m[K/home/jorge/ros2_thesis_ws/src/cuda_depth_register/src/cuda_depth_register_node.cpp:[m[K In member function ‘[01m[Kvoid CudaDepthRegisterNode::[01;32m[KdepthCallback[m[K(sensor_msgs::msg::Image_<std::allocator<void> >::SharedPtr)[m[K’:
[3.898s] [01m[K/home/jorge/ros2_thesis_ws/src/cuda_depth_register/src/cuda_depth_register_node.cpp:170:9:[m[K [01;31m[Kerror: [m[K‘[01m[KT_color_depth_[m[K’ was not declared in this scope
[3.898s]   170 |         [01;31m[KT_color_depth_[m[K.R[0] = R[0][0]; T_color_depth_.R[1] = R[0][1]; T_color_depth_.R[2] = R[0][2];
[3.898s]       |         [01;31m[K^~~~~~~~~~~~~~[m[K
[3.905s] [01m[K/home/jorge/ros2_thesis_ws/src/cuda_depth_register/src/cuda_depth_register_node.cpp:209:25:[m[K [01;31m[Kerror: [m[K‘[01m[Kdepth_K_[m[K’ was not declared in this scope; did you mean ‘[01m[Kdepth_w_[m[K’?
[3.906s]   209 |         updateConstants([01;31m[Kdepth_K_[m[K, color_K_, T_color_depth_);
[3.906s]       |                         [01;31m[K^~~~~~~~[m[K
[3.906s]       |                         [32m[Kdepth_w_[m[K
[3.911s] [01m[K/home/jorge/ros2_thesis_ws/src/cuda_depth_register/src/cuda_depth_register_node.cpp:209:35:[m[K [01;31m[Kerror: [m[K‘[01m[Kcolor_K_[m[K’ was not declared in this scope; did you mean ‘[01m[Kcolor_w_[m[K’?
[3.911s]   209 |         updateConstants(depth_K_, [01;31m[Kcolor_K_[m[K, T_color_depth_);
[3.911s]       |                                   [01;31m[K^~~~~~~~[m[K
[3.911s]       |                                   [32m[Kcolor_w_[m[K
[3.919s] [01m[K/home/jorge/ros2_thesis_ws/src/cuda_depth_register/src/cuda_depth_register_node.cpp:209:9:[m[K [01;31m[Kerror: [m[K‘[01m[KupdateConstants[m[K’ was not declared in this scope
[3.920s]   209 |         [01;31m[KupdateConstants[m[K(depth_K_, color_K_, T_color_depth_);
[3.920s]       |         [01;31m[K^~~~~~~~~~~~~~~[m[K
[3.932s] [01m[K/home/jorge/ros2_thesis_ws/src/cuda_depth_register/src/cuda_depth_register_node.cpp:230:13:[m[K [01;31m[Kerror: [m[K‘[01m[KcudaMemcpyHostToDevice[m[K’ was not declared in this scope
[3.932s]   230 |             [01;31m[KcudaMemcpyHostToDevice[m[K
[3.932s]       |             [01;31m[K^~~~~~~~~~~~~~~~~~~~~~[m[K
[3.939s] [01m[K/home/jorge/ros2_thesis_ws/src/cuda_depth_register/src/cuda_depth_register_node.cpp:226:9:[m[K [01;31m[Kerror: [m[K‘[01m[KcudaMemcpy[m[K’ was not declared in this scope
[3.939s]   226 |         [01;31m[KcudaMemcpy[m[K(
[3.939s]       |         [01;31m[K^~~~~~~~~~[m[K
[3.951s] [01m[K/home/jorge/ros2_thesis_ws/src/cuda_depth_register/src/cuda_depth_register_node.cpp:249:13:[m[K [01;31m[Kerror: [m[K‘[01m[KcudaMemcpyDeviceToHost[m[K’ was not declared in this scope
[3.951s]   249 |             [01;31m[KcudaMemcpyDeviceToHost[m[K
[3.951s]       |             [01;31m[K^~~~~~~~~~~~~~~~~~~~~~[m[K
[7.071s] gmake[2]: *** [CMakeFiles/cuda_depth_register_node.dir/build.make:76: CMakeFiles/cuda_depth_register_node.dir/src/cuda_depth_register_node.cpp.o] Error 1
[7.071s] gmake[1]: *** [CMakeFiles/Makefile2:165: CMakeFiles/cuda_depth_register_node.dir/all] Error 2
[7.071s] gmake: *** [Makefile:146: all] Error 2
[7.074s] Invoked command in '/home/jorge/ros2_thesis_ws/src/cuda_depth_register/build/cuda_depth_register' returned '2': CMAKE_PREFIX_PATH=${CMAKE_PREFIX_PATH}:/opt/ros/rolling /usr/bin/cmake --build /home/jorge/ros2_thesis_ws/src/cuda_depth_register/build/cuda_depth_register -- -j6 -l6
