[0.014s] Invoking command in '/home/jorge/ros2_thesis_ws/src/cuda_depth_register/build/cuda_depth_register': CMAKE_PREFIX_PATH=${CMAKE_PREFIX_PATH}:/opt/ros/rolling /usr/bin/cmake --build /home/jorge/ros2_thesis_ws/src/cuda_depth_register/build/cuda_depth_register -- -j6 -l6
[0.084s] [ 25%] [32mBuilding CUDA object CMakeFiles/depth_register_cuda.dir/src/depth_register.cu.o[0m
[0.539s] [01m[0m[01m/home/jorge/ros2_thesis_ws/src/cuda_depth_register/src/depth_register.cu(216)[0m: [01;31merror[0m: identifier "[01mstart[0m" is undefined
[0.539s]       if (measureTime) cudaEventRecord(start);
[0.539s]                                        ^
[0.539s] 
[0.539s] [01m[0m[01m/home/jorge/ros2_thesis_ws/src/cuda_depth_register/src/depth_register.cu(227)[0m: [01;31merror[0m: identifier "[01mstop[0m" is undefined
[0.539s]           cudaEventRecord(stop);
[0.539s]                           ^
[0.539s] 
[0.539s] [01m[0m[01m/home/jorge/ros2_thesis_ws/src/cuda_depth_register/src/depth_register.cu(229)[0m: [01;31merror[0m: identifier "[01mms[0m" is undefined
[0.539s]           cudaEventElapsedTime(&ms, start, stop);
[0.540s]                                 ^
[0.540s] 
[0.540s] [01m[0m[01m/home/jorge/ros2_thesis_ws/src/cuda_depth_register/src/depth_register.cu(229)[0m: [01;31merror[0m: identifier "[01mstart[0m" is undefined
[0.540s]           cudaEventElapsedTime(&ms, start, stop);
[0.540s]                                     ^
[0.540s] 
[0.540s] [01m[0m[01m/home/jorge/ros2_thesis_ws/src/cuda_depth_register/src/depth_register.cu(236)[0m: [01;31merror[0m: identifier "[01mstart[0m" is undefined
[0.540s]       if (measureTime) cudaEventRecord(start);
[0.540s]                                        ^
[0.540s] 
[0.540s] [01m[0m[01m/home/jorge/ros2_thesis_ws/src/cuda_depth_register/src/depth_register.cu(248)[0m: [01;31merror[0m: identifier "[01mstop[0m" is undefined
[0.540s]           cudaEventRecord(stop);
[0.540s]                           ^
[0.540s] 
[0.540s] [01m[0m[01m/home/jorge/ros2_thesis_ws/src/cuda_depth_register/src/depth_register.cu(250)[0m: [01;31merror[0m: identifier "[01mms[0m" is undefined
[0.541s]           cudaEventElapsedTime(&ms, start, stop);
[0.541s]                                 ^
[0.541s] 
[0.541s] [01m[0m[01m/home/jorge/ros2_thesis_ws/src/cuda_depth_register/src/depth_register.cu(250)[0m: [01;31merror[0m: identifier "[01mstart[0m" is undefined
[0.541s]           cudaEventElapsedTime(&ms, start, stop);
[0.541s]                                     ^
[0.541s] 
[0.541s] [01m[0m[01m/home/jorge/ros2_thesis_ws/src/cuda_depth_register/src/depth_register.cu(257)[0m: [01;31merror[0m: identifier "[01mstart[0m" is undefined
[0.541s]       if (measureTime) cudaEventRecord(start);
[0.541s]                                        ^
[0.541s] 
[0.541s] [01m[0m[01m/home/jorge/ros2_thesis_ws/src/cuda_depth_register/src/depth_register.cu(269)[0m: [01;31merror[0m: identifier "[01mstop[0m" is undefined
[0.541s]           cudaEventRecord(stop);
[0.541s]                           ^
[0.542s] 
[0.542s] [01m[0m[01m/home/jorge/ros2_thesis_ws/src/cuda_depth_register/src/depth_register.cu(271)[0m: [01;31merror[0m: identifier "[01mms[0m" is undefined
[0.542s]           cudaEventElapsedTime(&ms, start, stop);
[0.542s]                                 ^
[0.542s] 
[0.542s] [01m[0m[01m/home/jorge/ros2_thesis_ws/src/cuda_depth_register/src/depth_register.cu(271)[0m: [01;31merror[0m: identifier "[01mstart[0m" is undefined
[0.542s]           cudaEventElapsedTime(&ms, start, stop);
[0.542s]                                     ^
[0.542s] 
[0.542s] [01m[0m[01m/home/jorge/ros2_thesis_ws/src/cuda_depth_register/src/depth_register.cu(280)[0m: [01;31merror[0m: identifier "[01mstart[0m" is undefined
[0.543s]           if (measureTime) cudaEventRecord(start);
[0.543s]                                            ^
[0.543s] 
[0.543s] [01m[0m[01m/home/jorge/ros2_thesis_ws/src/cuda_depth_register/src/depth_register.cu(292)[0m: [01;31merror[0m: identifier "[01mstop[0m" is undefined
[0.543s]               cudaEventRecord(stop);
[0.543s]                               ^
[0.543s] 
[0.543s] [01m[0m[01m/home/jorge/ros2_thesis_ws/src/cuda_depth_register/src/depth_register.cu(294)[0m: [01;31merror[0m: identifier "[01mms[0m" is undefined
[0.543s]               cudaEventElapsedTime(&ms, start, stop);
[0.543s]                                     ^
[0.543s] 
[0.543s] [01m[0m[01m/home/jorge/ros2_thesis_ws/src/cuda_depth_register/src/depth_register.cu(294)[0m: [01;31merror[0m: identifier "[01mstart[0m" is undefined
[0.543s]               cudaEventElapsedTime(&ms, start, stop);
[0.543s]                                         ^
[0.544s] 
[0.544s] [01m[0m[01m/home/jorge/ros2_thesis_ws/src/cuda_depth_register/src/depth_register.cu(307)[0m: [01;31merror[0m: identifier "[01mstop_total[0m" is undefined
[0.544s]           cudaEventRecord(stop_total);
[0.544s]                           ^
[0.544s] 
[0.544s] [01m[0m[01m/home/jorge/ros2_thesis_ws/src/cuda_depth_register/src/depth_register.cu(310)[0m: [01;31merror[0m: identifier "[01mms[0m" is undefined
[0.544s]           cudaEventElapsedTime(&ms, start_total, stop_total);
[0.544s]                                 ^
[0.544s] 
[0.544s] [01m[0m[01m/home/jorge/ros2_thesis_ws/src/cuda_depth_register/src/depth_register.cu(310)[0m: [01;31merror[0m: identifier "[01mstart_total[0m" is undefined
[0.544s]           cudaEventElapsedTime(&ms, start_total, stop_total);
[0.544s]                                     ^
[0.544s] 
[0.544s] [01m[0m[01m/home/jorge/ros2_thesis_ws/src/cuda_depth_register/src/depth_register.cu(318)[0m: [01;31merror[0m: identifier "[01mstart[0m" is undefined
[0.544s]           cudaEventDestroy(start);
[0.545s]                            ^
[0.545s] 
[0.545s] [01m[0m[01m/home/jorge/ros2_thesis_ws/src/cuda_depth_register/src/depth_register.cu(319)[0m: [01;31merror[0m: identifier "[01mstop[0m" is undefined
[0.545s]           cudaEventDestroy(stop);
[0.545s]                            ^
[0.545s] 
[0.546s] 21 errors detected in the compilation of "/home/jorge/ros2_thesis_ws/src/cuda_depth_register/src/depth_register.cu".
[0.562s] gmake[2]: *** [CMakeFiles/depth_register_cuda.dir/build.make:77: CMakeFiles/depth_register_cuda.dir/src/depth_register.cu.o] Error 2
[0.562s] gmake[1]: *** [CMakeFiles/Makefile2:139: CMakeFiles/depth_register_cuda.dir/all] Error 2
[0.565s] gmake: *** [Makefile:146: all] Error 2
[0.571s] Invoked command in '/home/jorge/ros2_thesis_ws/src/cuda_depth_register/build/cuda_depth_register' returned '2': CMAKE_PREFIX_PATH=${CMAKE_PREFIX_PATH}:/opt/ros/rolling /usr/bin/cmake --build /home/jorge/ros2_thesis_ws/src/cuda_depth_register/build/cuda_depth_register -- -j6 -l6
