-- Found ament_cmake: 2.8.4 (/opt/ros/rolling/share/ament_cmake/cmake)
-- Found rclcpp: 30.1.3 (/opt/ros/rolling/share/rclcpp/cmake)
-- Found rosidl_generator_c: 5.1.1 (/opt/ros/rolling/share/rosidl_generator_c/cmake)
-- Found rosidl_generator_cpp: 5.1.1 (/opt/ros/rolling/share/rosidl_generator_cpp/cmake)
-- Using all available rosidl_typesupport_c: rosidl_typesupport_fastrtps_c;rosidl_typesupport_introspection_c
-- Using all available rosidl_typesupport_cpp: rosidl_typesupport_fastrtps_cpp;rosidl_typesupport_introspection_cpp
-- Found rmw_implementation_cmake: 7.9.1 (/opt/ros/rolling/share/rmw_implementation_cmake/cmake)
-- Found rmw_fastrtps_cpp: 9.4.4 (/opt/ros/rolling/share/rmw_fastrtps_cpp/cmake)
-- Using RMW implementation 'rmw_fastrtps_cpp' as default
-- Found sensor_msgs: 5.9.1 (/opt/ros/rolling/share/sensor_msgs/cmake)
-- Found cv_bridge: 4.1.0 (/opt/ros/rolling/share/cv_bridge/cmake)
[33mCMake Warning (dev) at /usr/local/lib/cmake/opencv4/OpenCVConfig.cmake:86 (find_package):
  Policy CMP0146 is not set: The FindCUDA module is removed.  Run "cmake
  --help-policy CMP0146" for policy details.  Use the cmake_policy command to
  set the policy and suppress this warning.

Call Stack (most recent call first):
  /usr/local/lib/cmake/opencv4/OpenCVConfig.cmake:108 (find_host_package)
  /opt/ros/rolling/share/cv_bridge/cmake/ament_cmake_export_dependencies-extras.cmake:21 (find_package)
  /opt/ros/rolling/share/cv_bridge/cmake/cv_bridgeConfig.cmake:41 (include)
  CMakeLists.txt:16 (find_package)
This warning is for project developers.  Use -Wno-dev to suppress it.
[0m
-- Found image_transport: 6.4.3 (/opt/ros/rolling/share/image_transport/cmake)
[0mCMake Deprecation Warning at /opt/ros/rolling/share/ament_cmake_target_dependencies/cmake/ament_target_dependencies.cmake:87 (message):
  ament_target_dependencies() is deprecated.  Use target_link_libraries()
  with modern CMake targets instead.  Try replacing this call with:

    target_link_libraries(cuda_depth_register_node PUBLIC
      ${sensor_msgs_TARGETS}
      cv_bridge::cv_bridge
      image_transport::image_transport
      rclcpp::rclcpp
      sensor_msgs::sensor_msgs_library
    )

Call Stack (most recent call first):
  CMakeLists.txt:49 (ament_target_dependencies)

[0m
-- Configuring done (0.7s)
-- Generating done (0.0s)
-- Build files have been written to: /home/jorge/ros2_thesis_ws/src/cuda_depth_register/build/cuda_depth_register
[ 25%] [32mBuilding CUDA object CMakeFiles/depth_register_cuda.dir/src/depth_register.cu.o[0m
[01m[K/home/jorge/ros2_thesis_ws/src/cuda_depth_register/src/depth_register.cu:4:10:[m[K [01;31m[Kfatal error: [m[Kdepth_register.hpp: No such file or directory
    4 | #include [01;31m[K"depth_register.hpp"[m[K
      |          [01;31m[K^~~~~~~~~~~~~~~~~~~~[m[K
compilation terminated.
gmake[2]: *** [CMakeFiles/depth_register_cuda.dir/build.make:77: CMakeFiles/depth_register_cuda.dir/src/depth_register.cu.o] Error 1
gmake[1]: *** [CMakeFiles/Makefile2:139: CMakeFiles/depth_register_cuda.dir/all] Error 2
gmake: *** [Makefile:146: all] Error 2
