[0.012s] Invoking command in '/home/jorge/ros2_thesis_ws/src/cuda_depth_register/build/cuda_depth_register': CMAKE_PREFIX_PATH=${CMAKE_PREFIX_PATH}:/opt/ros/rolling /usr/bin/cmake --build /home/jorge/ros2_thesis_ws/src/cuda_depth_register/build/cuda_depth_register -- -j6 -l6
[0.045s] -- Found ament_cmake: 2.8.4 (/opt/ros/rolling/share/ament_cmake/cmake)
[0.269s] -- Found rclcpp: 30.1.3 (/opt/ros/rolling/share/rclcpp/cmake)
[0.331s] -- Found rosidl_generator_c: 5.1.1 (/opt/ros/rolling/share/rosidl_generator_c/cmake)
[0.336s] -- Found rosidl_generator_cpp: 5.1.1 (/opt/ros/rolling/share/rosidl_generator_cpp/cmake)
[0.344s] -- Using all available rosidl_typesupport_c: rosidl_typesupport_fastrtps_c;rosidl_typesupport_introspection_c
[0.353s] -- Using all available rosidl_typesupport_cpp: rosidl_typesupport_fastrtps_cpp;rosidl_typesupport_introspection_cpp
[0.410s] -- Found rmw_implementation_cmake: 7.9.1 (/opt/ros/rolling/share/rmw_implementation_cmake/cmake)
[0.412s] -- Found rmw_fastrtps_cpp: 9.4.4 (/opt/ros/rolling/share/rmw_fastrtps_cpp/cmake)
[0.451s] -- Using RMW implementation 'rmw_fastrtps_cpp' as default
[0.526s] -- Found sensor_msgs: 5.9.1 (/opt/ros/rolling/share/sensor_msgs/cmake)
[0.592s] -- Found cv_bridge: 4.1.0 (/opt/ros/rolling/share/cv_bridge/cmake)
[0.595s] [33mCMake Warning (dev) at /usr/local/lib/cmake/opencv4/OpenCVConfig.cmake:86 (find_package):
[0.595s]   Policy CMP0146 is not set: The FindCUDA module is removed.  Run "cmake
[0.595s]   --help-policy CMP0146" for policy details.  Use the cmake_policy command to
[0.595s]   set the policy and suppress this warning.
[0.595s] 
[0.595s] Call Stack (most recent call first):
[0.595s]   /usr/local/lib/cmake/opencv4/OpenCVConfig.cmake:108 (find_host_package)
[0.595s]   /opt/ros/rolling/share/cv_bridge/cmake/ament_cmake_export_dependencies-extras.cmake:21 (find_package)
[0.595s]   /opt/ros/rolling/share/cv_bridge/cmake/cv_bridgeConfig.cmake:41 (include)
[0.595s]   CMakeLists.txt:16 (find_package)
[0.595s] This warning is for project developers.  Use -Wno-dev to suppress it.
[0.595s] [0m
[0.673s] -- Found image_transport: 6.4.3 (/opt/ros/rolling/share/image_transport/cmake)
[0.685s] [0mCMake Deprecation Warning at /opt/ros/rolling/share/ament_cmake_target_dependencies/cmake/ament_target_dependencies.cmake:87 (message):
[0.685s]   ament_target_dependencies() is deprecated.  Use target_link_libraries()
[0.685s]   with modern CMake targets instead.  Try replacing this call with:
[0.685s] 
[0.685s]     target_link_libraries(cuda_depth_register_node PUBLIC
[0.686s]       ${sensor_msgs_TARGETS}
[0.686s]       cv_bridge::cv_bridge
[0.686s]       image_transport::image_transport
[0.686s]       rclcpp::rclcpp
[0.686s]       sensor_msgs::sensor_msgs_library
[0.686s]     )
[0.686s] 
[0.686s] Call Stack (most recent call first):
[0.686s]   CMakeLists.txt:41 (ament_target_dependencies)
[0.686s] 
[0.686s] [0m
[0.779s] -- Configuring done (0.7s)
[0.796s] -- Generating done (0.0s)
[0.830s] -- Build files have been written to: /home/jorge/ros2_thesis_ws/src/cuda_depth_register/build/cuda_depth_register
[0.874s] [ 20%] [32mBuilding CUDA object CMakeFiles/depth_register_cuda.dir/src/depth_register.cu.o[0m
[1.338s] [01m[K/home/jorge/ros2_thesis_ws/src/cuda_depth_register/src/depth_register.cu:4:10:[m[K [01;31m[Kfatal error: [m[Kdepth_register.hpp: No such file or directory
[1.338s]     4 | #include [01;31m[K"depth_register.hpp"[m[K
[1.338s]       |          [01;31m[K^~~~~~~~~~~~~~~~~~~~[m[K
[1.338s] compilation terminated.
[1.398s] gmake[2]: *** [CMakeFiles/depth_register_cuda.dir/build.make:77: CMakeFiles/depth_register_cuda.dir/src/depth_register.cu.o] Error 1
[1.399s] gmake[1]: *** [CMakeFiles/Makefile2:139: CMakeFiles/depth_register_cuda.dir/all] Error 2
[1.400s] gmake: *** [Makefile:146: all] Error 2
[1.406s] Invoked command in '/home/jorge/ros2_thesis_ws/src/cuda_depth_register/build/cuda_depth_register' returned '2': CMAKE_PREFIX_PATH=${CMAKE_PREFIX_PATH}:/opt/ros/rolling /usr/bin/cmake --build /home/jorge/ros2_thesis_ws/src/cuda_depth_register/build/cuda_depth_register -- -j6 -l6
