[0.013s] Invoking command in '/home/jorge/ros2_thesis_ws/src/cuda_depth_register/build/cuda_depth_register': CMAKE_PREFIX_PATH=${CMAKE_PREFIX_PATH}:/opt/ros/rolling /usr/bin/cmake --build /home/jorge/ros2_thesis_ws/src/cuda_depth_register/build/cuda_depth_register -- -j6 -l6
[0.091s] [ 25%] [32mBuilding CUDA object CMakeFiles/depth_register_cuda.dir/src/depth_register.cu.o[0m
[0.639s] [01m[0m[01m/home/jorge/ros2_thesis_ws/src/cuda_depth_register/src/depth_register.cu(216)[0m: [01;31merror[0m: identifier "[01mstart[0m" is undefined
[0.639s]       if (measureTime) {cudaEventRecord(start)};
[0.639s]                                         ^
[0.639s] 
[0.639s] [01m[0m[01m/home/jorge/ros2_thesis_ws/src/cuda_depth_register/src/depth_register.cu(216)[0m: [01;31merror[0m: expected a ";"
[0.639s]       if (measureTime) {cudaEventRecord(start)};
[0.639s]                                               ^
[0.639s] 
[0.639s] [01m[0m[01m/home/jorge/ros2_thesis_ws/src/cuda_depth_register/src/depth_register.cu(227)[0m: [01;31merror[0m: identifier "[01mstop[0m" is undefined
[0.639s]           cudaEventRecord(stop);
[0.639s]                           ^
[0.640s] 
[0.640s] [01m[0m[01m/home/jorge/ros2_thesis_ws/src/cuda_depth_register/src/depth_register.cu(229)[0m: [01;31merror[0m: identifier "[01mms[0m" is undefined
[0.640s]           cudaEventElapsedTime(&ms, start, stop);
[0.640s]                                 ^
[0.640s] 
[0.640s] [01m[0m[01m/home/jorge/ros2_thesis_ws/src/cuda_depth_register/src/depth_register.cu(229)[0m: [01;31merror[0m: identifier "[01mstart[0m" is undefined
[0.640s]           cudaEventElapsedTime(&ms, start, stop);
[0.640s]                                     ^
[0.640s] 
[0.640s] [01m[0m[01m/home/jorge/ros2_thesis_ws/src/cuda_depth_register/src/depth_register.cu(236)[0m: [01;31merror[0m: identifier "[01mstart[0m" is undefined
[0.640s]       if (measureTime) {cudaEventRecord(start)};
[0.640s]                                         ^
[0.640s] 
[0.640s] [01m[0m[01m/home/jorge/ros2_thesis_ws/src/cuda_depth_register/src/depth_register.cu(236)[0m: [01;31merror[0m: expected a ";"
[0.640s]       if (measureTime) {cudaEventRecord(start)};
[0.641s]                                               ^
[0.641s] 
[0.641s] [01m[0m[01m/home/jorge/ros2_thesis_ws/src/cuda_depth_register/src/depth_register.cu(248)[0m: [01;31merror[0m: identifier "[01mstop[0m" is undefined
[0.641s]           cudaEventRecord(stop);
[0.641s]                           ^
[0.641s] 
[0.641s] [01m[0m[01m/home/jorge/ros2_thesis_ws/src/cuda_depth_register/src/depth_register.cu(250)[0m: [01;31merror[0m: identifier "[01mms[0m" is undefined
[0.641s]           cudaEventElapsedTime(&ms, start, stop);
[0.641s]                                 ^
[0.641s] 
[0.641s] [01m[0m[01m/home/jorge/ros2_thesis_ws/src/cuda_depth_register/src/depth_register.cu(250)[0m: [01;31merror[0m: identifier "[01mstart[0m" is undefined
[0.641s]           cudaEventElapsedTime(&ms, start, stop);
[0.641s]                                     ^
[0.642s] 
[0.642s] [01m[0m[01m/home/jorge/ros2_thesis_ws/src/cuda_depth_register/src/depth_register.cu(257)[0m: [01;31merror[0m: identifier "[01mstart[0m" is undefined
[0.642s]       if (measureTime) {cudaEventRecord(start);}
[0.642s]                                         ^
[0.642s] 
[0.642s] [01m[0m[01m/home/jorge/ros2_thesis_ws/src/cuda_depth_register/src/depth_register.cu(269)[0m: [01;31merror[0m: identifier "[01mstop[0m" is undefined
[0.642s]           cudaEventRecord(stop);
[0.642s]                           ^
[0.642s] 
[0.642s] [01m[0m[01m/home/jorge/ros2_thesis_ws/src/cuda_depth_register/src/depth_register.cu(271)[0m: [01;31merror[0m: identifier "[01mms[0m" is undefined
[0.642s]           cudaEventElapsedTime(&ms, start, stop);
[0.642s]                                 ^
[0.642s] 
[0.642s] [01m[0m[01m/home/jorge/ros2_thesis_ws/src/cuda_depth_register/src/depth_register.cu(271)[0m: [01;31merror[0m: identifier "[01mstart[0m" is undefined
[0.643s]           cudaEventElapsedTime(&ms, start, stop);
[0.643s]                                     ^
[0.643s] 
[0.643s] [01m[0m[01m/home/jorge/ros2_thesis_ws/src/cuda_depth_register/src/depth_register.cu(280)[0m: [01;31merror[0m: identifier "[01mstart[0m" is undefined
[0.643s]           if (measureTime) {cudaEventRecord(start);}
[0.643s]                                             ^
[0.643s] 
[0.643s] [01m[0m[01m/home/jorge/ros2_thesis_ws/src/cuda_depth_register/src/depth_register.cu(292)[0m: [01;31merror[0m: identifier "[01mstop[0m" is undefined
[0.643s]               cudaEventRecord(stop);
[0.643s]                               ^
[0.643s] 
[0.643s] [01m[0m[01m/home/jorge/ros2_thesis_ws/src/cuda_depth_register/src/depth_register.cu(294)[0m: [01;31merror[0m: identifier "[01mms[0m" is undefined
[0.643s]               cudaEventElapsedTime(&ms, start, stop);
[0.644s]                                     ^
[0.644s] 
[0.644s] [01m[0m[01m/home/jorge/ros2_thesis_ws/src/cuda_depth_register/src/depth_register.cu(294)[0m: [01;31merror[0m: identifier "[01mstart[0m" is undefined
[0.644s]               cudaEventElapsedTime(&ms, start, stop);
[0.644s]                                         ^
[0.644s] 
[0.644s] [01m[0m[01m/home/jorge/ros2_thesis_ws/src/cuda_depth_register/src/depth_register.cu(307)[0m: [01;31merror[0m: identifier "[01mstop_total[0m" is undefined
[0.644s]           cudaEventRecord(stop_total);
[0.644s]                           ^
[0.644s] 
[0.644s] [01m[0m[01m/home/jorge/ros2_thesis_ws/src/cuda_depth_register/src/depth_register.cu(310)[0m: [01;31merror[0m: identifier "[01mms[0m" is undefined
[0.644s]           cudaEventElapsedTime(&ms, start_total, stop_total);
[0.644s]                                 ^
[0.644s] 
[0.644s] [01m[0m[01m/home/jorge/ros2_thesis_ws/src/cuda_depth_register/src/depth_register.cu(310)[0m: [01;31merror[0m: identifier "[01mstart_total[0m" is undefined
[0.645s]           cudaEventElapsedTime(&ms, start_total, stop_total);
[0.645s]                                     ^
[0.645s] 
[0.645s] [01m[0m[01m/home/jorge/ros2_thesis_ws/src/cuda_depth_register/src/depth_register.cu(318)[0m: [01;31merror[0m: identifier "[01mstart[0m" is undefined
[0.645s]           cudaEventDestroy(start);
[0.645s]                            ^
[0.645s] 
[0.645s] [01m[0m[01m/home/jorge/ros2_thesis_ws/src/cuda_depth_register/src/depth_register.cu(319)[0m: [01;31merror[0m: identifier "[01mstop[0m" is undefined
[0.645s]           cudaEventDestroy(stop);
[0.645s]                            ^
[0.645s] 
[0.645s] 23 errors detected in the compilation of "/home/jorge/ros2_thesis_ws/src/cuda_depth_register/src/depth_register.cu".
[0.662s] gmake[2]: *** [CMakeFiles/depth_register_cuda.dir/build.make:77: CMakeFiles/depth_register_cuda.dir/src/depth_register.cu.o] Error 2
[0.662s] gmake[1]: *** [CMakeFiles/Makefile2:139: CMakeFiles/depth_register_cuda.dir/all] Error 2
[0.662s] gmake: *** [Makefile:146: all] Error 2
[0.669s] Invoked command in '/home/jorge/ros2_thesis_ws/src/cuda_depth_register/build/cuda_depth_register' returned '2': CMAKE_PREFIX_PATH=${CMAKE_PREFIX_PATH}:/opt/ros/rolling /usr/bin/cmake --build /home/jorge/ros2_thesis_ws/src/cuda_depth_register/build/cuda_depth_register -- -j6 -l6
