[3.610s] DEBUG:colcon:Command line arguments: ['/usr/bin/colcon', 'build']
[3.610s] DEBUG:colcon:Parsed command line arguments: Namespace(log_base=None, log_level=None, verb_name='build', build_base='build', install_base='install', merge_install=False, symlink_install=False, test_result_base=None, continue_on_error=False, executor='parallel', parallel_workers=6, event_handlers=None, ignore_user_meta=False, metas=['./colcon.meta'], base_paths=['.'], packages_ignore=None, packages_ignore_regex=None, paths=None, packages_up_to=None, packages_up_to_regex=None, packages_above=None, packages_above_and_dependencies=None, packages_above_depth=None, packages_select_by_dep=None, packages_skip_by_dep=None, packages_skip_up_to=None, packages_select_build_failed=False, packages_skip_build_finished=False, packages_select_test_failures=False, packages_skip_test_passed=False, packages_select=None, packages_skip=None, packages_select_regex=None, packages_skip_regex=None, packages_start=None, packages_end=None, allow_overriding=[], cmake_args=None, cmake_target=None, cmake_target_skip_unavailable=False, cmake_clean_cache=False, cmake_clean_first=False, cmake_force_configure=False, ament_cmake_args=None, catkin_cmake_args=None, catkin_skip_building_tests=False, mixin_files=None, mixin=None, verb_parser=<colcon_mixin.mixin.mixin_argument.MixinArgumentDecorator object at 0x72bcfcd21ee0>, verb_extension=<colcon_core.verb.build.BuildVerb object at 0x72bcfc2913d0>, main=<bound method BuildVerb.main of <colcon_core.verb.build.BuildVerb object at 0x72bcfc2913d0>>, mixin_verb=('build',))
[41.668s] Level 1:colcon.colcon_core.package_discovery:discover_packages(colcon_meta) check parameters
[41.668s] Level 1:colcon.colcon_core.package_discovery:discover_packages(recursive) check parameters
[41.668s] Level 1:colcon.colcon_core.package_discovery:discover_packages(ignore) check parameters
[41.668s] Level 1:colcon.colcon_core.package_discovery:discover_packages(path) check parameters
[41.668s] Level 1:colcon.colcon_core.package_discovery:discover_packages(colcon_meta) discover
[41.668s] Level 1:colcon.colcon_core.package_discovery:discover_packages(recursive) discover
[41.668s] INFO:colcon.colcon_core.package_discovery:Crawling recursively for packages in '/home/jorge/ros2_thesis_ws/src/cuda_depth_register'
[41.668s] Level 1:colcon.colcon_core.package_identification:_identify(.) by extensions ['ignore', 'ignore_ament_install']
[41.668s] Level 1:colcon.colcon_core.package_identification:_identify(.) by extension 'ignore'
[41.668s] Level 1:colcon.colcon_core.package_identification:_identify(.) by extension 'ignore_ament_install'
[41.668s] Level 1:colcon.colcon_core.package_identification:_identify(.) by extensions ['colcon_pkg']
[41.668s] Level 1:colcon.colcon_core.package_identification:_identify(.) by extension 'colcon_pkg'
[41.668s] Level 1:colcon.colcon_core.package_identification:_identify(.) by extensions ['colcon_meta']
[41.668s] Level 1:colcon.colcon_core.package_identification:_identify(.) by extension 'colcon_meta'
[41.668s] Level 1:colcon.colcon_core.package_identification:_identify(.) by extensions ['ros']
[41.669s] Level 1:colcon.colcon_core.package_identification:_identify(.) by extension 'ros'
[4.703s] DEBUG:colcon.colcon_core.package_identification:Package '.' with type 'ros.ament_cmake' and name 'cuda_depth_register'
[4.704s] Level 1:colcon.colcon_core.package_discovery:discover_packages(recursive) using defaults
[4.704s] Level 1:colcon.colcon_core.package_discovery:discover_packages(ignore) discover
[4.704s] Level 1:colcon.colcon_core.package_discovery:discover_packages(ignore) using defaults
[4.704s] Level 1:colcon.colcon_core.package_discovery:discover_packages(path) discover
[4.704s] Level 1:colcon.colcon_core.package_discovery:discover_packages(path) using defaults
[5.483s] Level 1:colcon.colcon_core.package_discovery:discover_packages(prefix_path) check parameters
[5.483s] Level 1:colcon.colcon_core.package_discovery:discover_packages(prefix_path) discover
[5.631s] DEBUG:colcon.colcon_installed_package_information.package_discovery:Found 1 installed packages in /home/jorge/ros2_thesis_ws/src/VIGS-Fusion/install
[5.649s] DEBUG:colcon.colcon_installed_package_information.package_discovery:Found 1 installed packages in /home/jorge/ros2_thesis_ws/src/f_vigs_slam/install
[5.676s] DEBUG:colcon.colcon_installed_package_information.package_discovery:Found 290 installed packages in /opt/ros/rolling
[5.681s] Level 1:colcon.colcon_core.package_discovery:discover_packages(prefix_path) using defaults
[8.056s] Level 5:colcon.colcon_core.verb:set package 'cuda_depth_register' build argument 'cmake_args' from command line to 'None'
[8.056s] Level 5:colcon.colcon_core.verb:set package 'cuda_depth_register' build argument 'cmake_target' from command line to 'None'
[8.056s] Level 5:colcon.colcon_core.verb:set package 'cuda_depth_register' build argument 'cmake_target_skip_unavailable' from command line to 'False'
[8.056s] Level 5:colcon.colcon_core.verb:set package 'cuda_depth_register' build argument 'cmake_clean_cache' from command line to 'False'
[8.056s] Level 5:colcon.colcon_core.verb:set package 'cuda_depth_register' build argument 'cmake_clean_first' from command line to 'False'
[8.056s] Level 5:colcon.colcon_core.verb:set package 'cuda_depth_register' build argument 'cmake_force_configure' from command line to 'False'
[8.056s] Level 5:colcon.colcon_core.verb:set package 'cuda_depth_register' build argument 'ament_cmake_args' from command line to 'None'
[8.056s] Level 5:colcon.colcon_core.verb:set package 'cuda_depth_register' build argument 'catkin_cmake_args' from command line to 'None'
[8.056s] Level 5:colcon.colcon_core.verb:set package 'cuda_depth_register' build argument 'catkin_skip_building_tests' from command line to 'False'
[8.056s] DEBUG:colcon.colcon_core.verb:Building package 'cuda_depth_register' with the following arguments: {'ament_cmake_args': None, 'build_base': '/home/jorge/ros2_thesis_ws/src/cuda_depth_register/build/cuda_depth_register', 'catkin_cmake_args': None, 'catkin_skip_building_tests': False, 'cmake_args': None, 'cmake_clean_cache': False, 'cmake_clean_first': False, 'cmake_force_configure': False, 'cmake_target': None, 'cmake_target_skip_unavailable': False, 'install_base': '/home/jorge/ros2_thesis_ws/src/cuda_depth_register/install/cuda_depth_register', 'merge_install': False, 'path': '/home/jorge/ros2_thesis_ws/src/cuda_depth_register', 'symlink_install': False, 'test_result_base': None}
[8.056s] INFO:colcon.colcon_core.executor:Executing jobs using 'parallel' executor
[8.058s] DEBUG:colcon.colcon_parallel_executor.executor.parallel:run_until_complete
[8.058s] INFO:colcon.colcon_ros.task.ament_cmake.build:Building ROS package in '/home/jorge/ros2_thesis_ws/src/cuda_depth_register' with build type 'ament_cmake'
[8.058s] INFO:colcon.colcon_cmake.task.cmake.build:Building CMake package in '/home/jorge/ros2_thesis_ws/src/cuda_depth_register'
[8.144s] INFO:colcon.colcon_core.plugin_system:Skipping extension 'colcon_core.shell.bat': Not used on non-Windows systems
[8.144s] INFO:colcon.colcon_core.shell:Skip shell extension 'powershell' for command environment: Not usable outside of PowerShell
[8.144s] DEBUG:colcon.colcon_core.shell:Skip shell extension 'dsv' for command environment
[8.228s] DEBUG:colcon.colcon_core.event_handler.log_command:Invoking command in '/home/jorge/ros2_thesis_ws/src/cuda_depth_register/build/cuda_depth_register': CMAKE_PREFIX_PATH=${CMAKE_PREFIX_PATH}:/opt/ros/rolling /usr/bin/cmake /home/jorge/ros2_thesis_ws/src/cuda_depth_register -DCMAKE_INSTALL_PREFIX=/home/jorge/ros2_thesis_ws/src/cuda_depth_register/install/cuda_depth_register
[22.327s] DEBUG:colcon.colcon_core.event_handler.log_command:Invoked command in '/home/jorge/ros2_thesis_ws/src/cuda_depth_register/build/cuda_depth_register' returned '0': CMAKE_PREFIX_PATH=${CMAKE_PREFIX_PATH}:/opt/ros/rolling /usr/bin/cmake /home/jorge/ros2_thesis_ws/src/cuda_depth_register -DCMAKE_INSTALL_PREFIX=/home/jorge/ros2_thesis_ws/src/cuda_depth_register/install/cuda_depth_register
[22.327s] DEBUG:colcon.colcon_core.event_handler.log_command:Invoking command in '/home/jorge/ros2_thesis_ws/src/cuda_depth_register/build/cuda_depth_register': CMAKE_PREFIX_PATH=${CMAKE_PREFIX_PATH}:/opt/ros/rolling /usr/bin/cmake --build /home/jorge/ros2_thesis_ws/src/cuda_depth_register/build/cuda_depth_register -- -j6 -l6
[23.228s] DEBUG:colcon.colcon_core.event_handler.log_command:Invoked command in '/home/jorge/ros2_thesis_ws/src/cuda_depth_register/build/cuda_depth_register' returned '2': CMAKE_PREFIX_PATH=${CMAKE_PREFIX_PATH}:/opt/ros/rolling /usr/bin/cmake --build /home/jorge/ros2_thesis_ws/src/cuda_depth_register/build/cuda_depth_register -- -j6 -l6
[23.229s] Level 1:colcon.colcon_core.environment:create_environment_scripts_only(cuda_depth_register)
[23.325s] Level 1:colcon.colcon_core.environment:checking '/home/jorge/ros2_thesis_ws/src/cuda_depth_register/install/cuda_depth_register' for CMake module files
[23.325s] Level 1:colcon.colcon_core.environment:checking '/home/jorge/ros2_thesis_ws/src/cuda_depth_register/install/cuda_depth_register' for CMake config files
[23.325s] Level 1:colcon.colcon_core.environment:checking '/home/jorge/ros2_thesis_ws/src/cuda_depth_register/install/cuda_depth_register/bin'
[23.325s] Level 1:colcon.colcon_core.environment:checking '/home/jorge/ros2_thesis_ws/src/cuda_depth_register/install/cuda_depth_register/lib/pkgconfig/cuda_depth_register.pc'
[23.326s] Level 1:colcon.colcon_core.environment:checking '/home/jorge/ros2_thesis_ws/src/cuda_depth_register/install/cuda_depth_register/lib/python3.12/site-packages'
[23.326s] Level 1:colcon.colcon_core.environment:checking '/home/jorge/ros2_thesis_ws/src/cuda_depth_register/install/cuda_depth_register/bin'
[23.326s] INFO:colcon.colcon_core.shell:Creating package script '/home/jorge/ros2_thesis_ws/src/cuda_depth_register/install/cuda_depth_register/share/cuda_depth_register/package.ps1'
[23.349s] INFO:colcon.colcon_core.shell:Creating package descriptor '/home/jorge/ros2_thesis_ws/src/cuda_depth_register/install/cuda_depth_register/share/cuda_depth_register/package.dsv'
[23.351s] INFO:colcon.colcon_core.shell:Creating package script '/home/jorge/ros2_thesis_ws/src/cuda_depth_register/install/cuda_depth_register/share/cuda_depth_register/package.sh'
[23.353s] INFO:colcon.colcon_core.shell:Creating package script '/home/jorge/ros2_thesis_ws/src/cuda_depth_register/install/cuda_depth_register/share/cuda_depth_register/package.bash'
[23.354s] INFO:colcon.colcon_core.shell:Creating package script '/home/jorge/ros2_thesis_ws/src/cuda_depth_register/install/cuda_depth_register/share/cuda_depth_register/package.zsh'
[23.360s] Level 1:colcon.colcon_core.environment:create_file_with_runtime_dependencies(/home/jorge/ros2_thesis_ws/src/cuda_depth_register/install/cuda_depth_register/share/colcon-core/packages/cuda_depth_register)
[23.371s] DEBUG:colcon.colcon_parallel_executor.executor.parallel:closing loop
[23.372s] DEBUG:colcon.colcon_parallel_executor.executor.parallel:loop closed
[23.372s] DEBUG:colcon.colcon_parallel_executor.executor.parallel:run_until_complete finished with '2'
[23.372s] DEBUG:colcon.colcon_core.event_reactor:joining thread
[23.477s] INFO:colcon.colcon_core.plugin_system:Skipping extension 'colcon_notification.desktop_notification.notify_send': Could not find 'notify-send'
[23.478s] INFO:colcon.colcon_core.plugin_system:Skipping extension 'colcon_notification.desktop_notification.terminal_notifier': Not used on non-Darwin systems
[23.478s] INFO:colcon.colcon_core.plugin_system:Skipping extension 'colcon_notification.desktop_notification.win32': Not used on non-Windows systems
[23.478s] INFO:colcon.colcon_notification.desktop_notification:Sending desktop notification using 'notify2'
[23.506s] DEBUG:colcon.colcon_notification.desktop_notification.notify2:Failed to initialize notify2: org.freedesktop.DBus.Error.ServiceUnknown: The name org.freedesktop.Notifications was not provided by any .service files
[23.506s] DEBUG:colcon.colcon_core.event_reactor:joined thread
[23.506s] INFO:colcon.colcon_core.shell:Creating prefix script '/home/jorge/ros2_thesis_ws/src/cuda_depth_register/install/local_setup.ps1'
[23.507s] INFO:colcon.colcon_core.shell:Creating prefix util module '/home/jorge/ros2_thesis_ws/src/cuda_depth_register/install/_local_setup_util_ps1.py'
[23.509s] INFO:colcon.colcon_core.shell:Creating prefix chain script '/home/jorge/ros2_thesis_ws/src/cuda_depth_register/install/setup.ps1'
[23.510s] INFO:colcon.colcon_core.shell:Creating prefix script '/home/jorge/ros2_thesis_ws/src/cuda_depth_register/install/local_setup.sh'
[23.511s] INFO:colcon.colcon_core.shell:Creating prefix util module '/home/jorge/ros2_thesis_ws/src/cuda_depth_register/install/_local_setup_util_sh.py'
[23.511s] INFO:colcon.colcon_core.shell:Creating prefix chain script '/home/jorge/ros2_thesis_ws/src/cuda_depth_register/install/setup.sh'
[23.513s] INFO:colcon.colcon_core.shell:Creating prefix script '/home/jorge/ros2_thesis_ws/src/cuda_depth_register/install/local_setup.bash'
[23.513s] INFO:colcon.colcon_core.shell:Creating prefix chain script '/home/jorge/ros2_thesis_ws/src/cuda_depth_register/install/setup.bash'
[23.514s] INFO:colcon.colcon_core.shell:Creating prefix script '/home/jorge/ros2_thesis_ws/src/cuda_depth_register/install/local_setup.zsh'
[23.515s] INFO:colcon.colcon_core.shell:Creating prefix chain script '/home/jorge/ros2_thesis_ws/src/cuda_depth_register/install/setup.zsh'
