[0.012s] Invoking command in '/home/jorge/ros2_thesis_ws/src/cuda_depth_register/build/cuda_depth_register': CMAKE_PREFIX_PATH=${CMAKE_PREFIX_PATH}:/opt/ros/rolling /usr/bin/cmake --build /home/jorge/ros2_thesis_ws/src/cuda_depth_register/build/cuda_depth_register -- -j6 -l6
[0.096s] [ 50%] Built target depth_register_cuda
[0.144s] [100%] Built target cuda_depth_register_node
[0.159s] Invoked command in '/home/jorge/ros2_thesis_ws/src/cuda_depth_register/build/cuda_depth_register' returned '0': CMAKE_PREFIX_PATH=${CMAKE_PREFIX_PATH}:/opt/ros/rolling /usr/bin/cmake --build /home/jorge/ros2_thesis_ws/src/cuda_depth_register/build/cuda_depth_register -- -j6 -l6
[0.176s] Invoking command in '/home/jorge/ros2_thesis_ws/src/cuda_depth_register/build/cuda_depth_register': CMAKE_PREFIX_PATH=${CMAKE_PREFIX_PATH}:/opt/ros/rolling /usr/bin/cmake --install /home/jorge/ros2_thesis_ws/src/cuda_depth_register/build/cuda_depth_register
[0.188s] -- Install configuration: ""
[0.188s] -- Up-to-date: /home/jorge/ros2_thesis_ws/src/cuda_depth_register/install/cuda_depth_register/lib/cuda_depth_register/cuda_depth_register_node
[0.188s] -- Up-to-date: /home/jorge/ros2_thesis_ws/src/cuda_depth_register/install/cuda_depth_register/share/ament_index/resource_index/package_run_dependencies/cuda_depth_register
[0.188s] -- Up-to-date: /home/jorge/ros2_thesis_ws/src/cuda_depth_register/install/cuda_depth_register/share/ament_index/resource_index/parent_prefix_path/cuda_depth_register
[0.188s] -- Up-to-date: /home/jorge/ros2_thesis_ws/src/cuda_depth_register/install/cuda_depth_register/share/cuda_depth_register/environment/ament_prefix_path.sh
[0.188s] -- Up-to-date: /home/jorge/ros2_thesis_ws/src/cuda_depth_register/install/cuda_depth_register/share/cuda_depth_register/environment/ament_prefix_path.dsv
[0.189s] -- Up-to-date: /home/jorge/ros2_thesis_ws/src/cuda_depth_register/install/cuda_depth_register/share/cuda_depth_register/environment/path.sh
[0.189s] -- Up-to-date: /home/jorge/ros2_thesis_ws/src/cuda_depth_register/install/cuda_depth_register/share/cuda_depth_register/environment/path.dsv
[0.189s] -- Up-to-date: /home/jorge/ros2_thesis_ws/src/cuda_depth_register/install/cuda_depth_register/share/cuda_depth_register/local_setup.bash
[0.189s] -- Up-to-date: /home/jorge/ros2_thesis_ws/src/cuda_depth_register/install/cuda_depth_register/share/cuda_depth_register/local_setup.sh
[0.189s] -- Up-to-date: /home/jorge/ros2_thesis_ws/src/cuda_depth_register/install/cuda_depth_register/share/cuda_depth_register/local_setup.zsh
[0.189s] -- Up-to-date: /home/jorge/ros2_thesis_ws/src/cuda_depth_register/install/cuda_depth_register/share/cuda_depth_register/local_setup.dsv
[0.189s] -- Installing: /home/jorge/ros2_thesis_ws/src/cuda_depth_register/install/cuda_depth_register/share/cuda_depth_register/package.dsv
[0.189s] -- Up-to-date: /home/jorge/ros2_thesis_ws/src/cuda_depth_register/install/cuda_depth_register/share/ament_index/resource_index/packages/cuda_depth_register
[0.189s] -- Up-to-date: /home/jorge/ros2_thesis_ws/src/cuda_depth_register/install/cuda_depth_register/share/cuda_depth_register/cmake/cuda_depth_registerConfig.cmake
[0.189s] -- Up-to-date: /home/jorge/ros2_thesis_ws/src/cuda_depth_register/install/cuda_depth_register/share/cuda_depth_register/cmake/cuda_depth_registerConfig-version.cmake
[0.190s] -- Up-to-date: /home/jorge/ros2_thesis_ws/src/cuda_depth_register/install/cuda_depth_register/share/cuda_depth_register/package.xml
[0.191s] Invoked command in '/home/jorge/ros2_thesis_ws/src/cuda_depth_register/build/cuda_depth_register' returned '0': CMAKE_PREFIX_PATH=${CMAKE_PREFIX_PATH}:/opt/ros/rolling /usr/bin/cmake --install /home/jorge/ros2_thesis_ws/src/cuda_depth_register/build/cuda_depth_register
