[ 25%] [32mBuilding CUDA object CMakeFiles/depth_register_cuda.dir/src/depth_register.cu.o[0m
[ 50%] [32m[1mLinking CUDA static library libdepth_register_cuda.a[0m
[ 50%] Built target depth_register_cuda
[ 75%] [32mBuilding CXX object CMakeFiles/cuda_depth_register_node.dir/src/cuda_depth_register_node.cpp.o[0m
[100%] [32m[1mLinking CXX executable cuda_depth_register_node[0m
[100%] Built target cuda_depth_register_node
-- Install configuration: ""
-- Installing: /home/jorge/ros2_thesis_ws/src/cuda_depth_register/install/cuda_depth_register/lib/cuda_depth_register/cuda_depth_register_node
-- Set non-toolchain portion of runtime path of "/home/jorge/ros2_thesis_ws/src/cuda_depth_register/install/cuda_depth_register/lib/cuda_depth_register/cuda_depth_register_node" to ""
-- Up-to-date: /home/jorge/ros2_thesis_ws/src/cuda_depth_register/install/cuda_depth_register/share/ament_index/resource_index/package_run_dependencies/cuda_depth_register
-- Up-to-date: /home/jorge/ros2_thesis_ws/src/cuda_depth_register/install/cuda_depth_register/share/ament_index/resource_index/parent_prefix_path/cuda_depth_register
-- Up-to-date: /home/jorge/ros2_thesis_ws/src/cuda_depth_register/install/cuda_depth_register/share/cuda_depth_register/environment/ament_prefix_path.sh
-- Up-to-date: /home/jorge/ros2_thesis_ws/src/cuda_depth_register/install/cuda_depth_register/share/cuda_depth_register/environment/ament_prefix_path.dsv
-- Up-to-date: /home/jorge/ros2_thesis_ws/src/cuda_depth_register/install/cuda_depth_register/share/cuda_depth_register/environment/path.sh
-- Up-to-date: /home/jorge/ros2_thesis_ws/src/cuda_depth_register/install/cuda_depth_register/share/cuda_depth_register/environment/path.dsv
-- Up-to-date: /home/jorge/ros2_thesis_ws/src/cuda_depth_register/install/cuda_depth_register/share/cuda_depth_register/local_setup.bash
-- Up-to-date: /home/jorge/ros2_thesis_ws/src/cuda_depth_register/install/cuda_depth_register/share/cuda_depth_register/local_setup.sh
-- Up-to-date: /home/jorge/ros2_thesis_ws/src/cuda_depth_register/install/cuda_depth_register/share/cuda_depth_register/local_setup.zsh
-- Up-to-date: /home/jorge/ros2_thesis_ws/src/cuda_depth_register/install/cuda_depth_register/share/cuda_depth_register/local_setup.dsv
-- Installing: /home/jorge/ros2_thesis_ws/src/cuda_depth_register/install/cuda_depth_register/share/cuda_depth_register/package.dsv
-- Up-to-date: /home/jorge/ros2_thesis_ws/src/cuda_depth_register/install/cuda_depth_register/share/ament_index/resource_index/packages/cuda_depth_register
-- Up-to-date: /home/jorge/ros2_thesis_ws/src/cuda_depth_register/install/cuda_depth_register/share/cuda_depth_register/cmake/cuda_depth_registerConfig.cmake
-- Up-to-date: /home/jorge/ros2_thesis_ws/src/cuda_depth_register/install/cuda_depth_register/share/cuda_depth_register/cmake/cuda_depth_registerConfig-version.cmake
-- Up-to-date: /home/jorge/ros2_thesis_ws/src/cuda_depth_register/install/cuda_depth_register/share/cuda_depth_register/package.xml
