[0.013s] Invoking command in '/home/jorge/ros2_thesis_ws/src/cuda_depth_register/build/cuda_depth_register': CMAKE_PREFIX_PATH=${CMAKE_PREFIX_PATH}:/opt/ros/rolling /usr/bin/cmake --build /home/jorge/ros2_thesis_ws/src/cuda_depth_register/build/cuda_depth_register -- -j6 -l6
[0.414s] -- Found ament_cmake: 2.8.4 (/opt/ros/rolling/share/ament_cmake/cmake)
[0.866s] -- Found rclcpp: 30.1.3 (/opt/ros/rolling/share/rclcpp/cmake)
[1.498s] -- Found rosidl_generator_c: 5.1.1 (/opt/ros/rolling/share/rosidl_generator_c/cmake)
[1.526s] -- Found rosidl_generator_cpp: 5.1.1 (/opt/ros/rolling/share/rosidl_generator_cpp/cmake)
[2.111s] -- Using all available rosidl_typesupport_c: rosidl_typesupport_fastrtps_c;rosidl_typesupport_introspection_c
[2.870s] -- Using all available rosidl_typesupport_cpp: rosidl_typesupport_fastrtps_cpp;rosidl_typesupport_introspection_cpp
[3.169s] -- Found rmw_implementation_cmake: 7.9.1 (/opt/ros/rolling/share/rmw_implementation_cmake/cmake)
[3.190s] -- Found rmw_fastrtps_cpp: 9.4.4 (/opt/ros/rolling/share/rmw_fastrtps_cpp/cmake)
[3.467s] -- Using RMW implementation 'rmw_fastrtps_cpp' as default
[3.736s] -- Found sensor_msgs: 5.9.1 (/opt/ros/rolling/share/sensor_msgs/cmake)
[3.876s] -- Found cv_bridge: 4.1.0 (/opt/ros/rolling/share/cv_bridge/cmake)
[3.905s] [33mCMake Warning (dev) at /usr/local/lib/cmake/opencv4/OpenCVConfig.cmake:86 (find_package):
[3.905s]   Policy CMP0146 is not set: The FindCUDA module is removed.  Run "cmake
[3.905s]   --help-policy CMP0146" for policy details.  Use the cmake_policy command to
[3.905s]   set the policy and suppress this warning.
[3.905s] 
[3.905s] Call Stack (most recent call first):
[3.905s]   /usr/local/lib/cmake/opencv4/OpenCVConfig.cmake:108 (find_host_package)
[3.905s]   /opt/ros/rolling/share/cv_bridge/cmake/ament_cmake_export_dependencies-extras.cmake:21 (find_package)
[3.905s]   /opt/ros/rolling/share/cv_bridge/cmake/cv_bridgeConfig.cmake:41 (include)
[3.905s]   CMakeLists.txt:16 (find_package)
[3.905s] This warning is for project developers.  Use -Wno-dev to suppress it.
[3.905s] [0m
[4.197s] -- Found image_transport: 6.4.3 (/opt/ros/rolling/share/image_transport/cmake)
[4.574s] -- Found tf2: 0.45.3 (/opt/ros/rolling/share/tf2/cmake)
[4.597s] -- Found tf2_ros: 0.45.3 (/opt/ros/rolling/share/tf2_ros/cmake)
[4.900s] -- Found tf2_geometry_msgs: 0.45.3 (/opt/ros/rolling/share/tf2_geometry_msgs/cmake)
[5.050s] [0mCMake Deprecation Warning at /opt/ros/rolling/share/ament_cmake_target_dependencies/cmake/ament_target_dependencies.cmake:87 (message):
[5.050s]   ament_target_dependencies() is deprecated.  Use target_link_libraries()
[5.050s]   with modern CMake targets instead.  Try replacing this call with:
[5.050s] 
[5.050s]     target_link_libraries(cuda_depth_register_node PUBLIC
[5.050s]       ${sensor_msgs_TARGETS}
[5.050s]       cv_bridge::cv_bridge
[5.050s]       image_transport::image_transport
[5.050s]       rclcpp::rclcpp
[5.050s]       sensor_msgs::sensor_msgs_library
[5.050s]     )
[5.050s] 
[5.050s] Call Stack (most recent call first):
[5.050s]   CMakeLists.txt:52 (ament_target_dependencies)
[5.051s] 
[5.051s] [0m
[5.218s] -- Configuring done (5.1s)
[5.427s] -- Generating done (0.1s)
[5.493s] -- Build files have been written to: /home/jorge/ros2_thesis_ws/src/cuda_depth_register/build/cuda_depth_register
[5.549s] [ 50%] Built target depth_register_cuda
[5.577s] [ 75%] [32mBuilding CXX object CMakeFiles/cuda_depth_register_node.dir/src/cuda_depth_register_node.cpp.o[0m
[5.943s] [01m[K/home/jorge/ros2_thesis_ws/src/cuda_depth_register/src/cuda_depth_register_node.cpp:4:10:[m[K [01;31m[Kfatal error: [m[Ktf2_ros/buffer.hpp: No such file or directory
[5.943s]     4 | #include [01;31m[K<tf2_ros/buffer.hpp>[m[K
[5.943s]       |          [01;31m[K^~~~~~~~~~~~~~~~~~~~[m[K
[5.943s] compilation terminated.
[5.948s] gmake[2]: *** [CMakeFiles/cuda_depth_register_node.dir/build.make:76: CMakeFiles/cuda_depth_register_node.dir/src/cuda_depth_register_node.cpp.o] Error 1
[5.948s] gmake[1]: *** [CMakeFiles/Makefile2:165: CMakeFiles/cuda_depth_register_node.dir/all] Error 2
[5.949s] gmake: *** [Makefile:146: all] Error 2
[5.952s] Invoked command in '/home/jorge/ros2_thesis_ws/src/cuda_depth_register/build/cuda_depth_register' returned '2': CMAKE_PREFIX_PATH=${CMAKE_PREFIX_PATH}:/opt/ros/rolling /usr/bin/cmake --build /home/jorge/ros2_thesis_ws/src/cuda_depth_register/build/cuda_depth_register -- -j6 -l6
