[0.169s] Invoking command in '/home/jorge/ros2_thesis_ws/src/cuda_depth_register/build/cuda_depth_register': CMAKE_PREFIX_PATH=${CMAKE_PREFIX_PATH}:/opt/ros/rolling /usr/bin/cmake /home/jorge/ros2_thesis_ws/src/cuda_depth_register -DCMAKE_INSTALL_PREFIX=/home/jorge/ros2_thesis_ws/src/cuda_depth_register/install/cuda_depth_register
[4.619s] -- The C compiler identification is GNU 13.3.0
[5.874s] -- The CXX compiler identification is GNU 13.3.0
[6.807s] -- Detecting C compiler ABI info
[7.917s] -- Detecting C compiler ABI info - done
[7.926s] -- Check for working C compiler: /usr/bin/cc - skipped
[7.927s] -- Detecting C compile features
[7.943s] -- Detecting C compile features - done
[8.001s] -- Detecting CXX compiler ABI info
[8.206s] -- Detecting CXX compiler ABI info - done
[8.215s] -- Check for working CXX compiler: /usr/bin/c++ - skipped
[8.215s] -- Detecting CXX compile features
[8.216s] -- Detecting CXX compile features - done
[8.520s] -- Found ament_cmake: 2.8.4 (/opt/ros/rolling/share/ament_cmake/cmake)
[8.766s] -- Found Python3: /usr/bin/python3 (found version "3.12.3") found components: Interpreter 
[9.027s] -- Found rclcpp: 30.1.3 (/opt/ros/rolling/share/rclcpp/cmake)
[9.595s] -- Found rosidl_generator_c: 5.1.1 (/opt/ros/rolling/share/rosidl_generator_c/cmake)
[9.639s] -- Found rosidl_generator_cpp: 5.1.1 (/opt/ros/rolling/share/rosidl_generator_cpp/cmake)
[9.691s] -- Using all available rosidl_typesupport_c: rosidl_typesupport_fastrtps_c;rosidl_typesupport_introspection_c
[9.751s] -- Using all available rosidl_typesupport_cpp: rosidl_typesupport_fastrtps_cpp;rosidl_typesupport_introspection_cpp
[10.218s] -- Found rmw_implementation_cmake: 7.9.1 (/opt/ros/rolling/share/rmw_implementation_cmake/cmake)
[10.232s] -- Found rmw_fastrtps_cpp: 9.4.4 (/opt/ros/rolling/share/rmw_fastrtps_cpp/cmake)
[10.678s] -- Found OpenSSL: /usr/lib/x86_64-linux-gnu/libcrypto.so (found version "3.0.13")  
[10.692s] -- Using RMW implementation 'rmw_fastrtps_cpp' as default
[12.083s] -- Found sensor_msgs: 5.9.1 (/opt/ros/rolling/share/sensor_msgs/cmake)
[12.558s] -- Found cv_bridge: 4.1.0 (/opt/ros/rolling/share/cv_bridge/cmake)
[12.601s] [33mCMake Warning (dev) at /usr/local/lib/cmake/opencv4/OpenCVConfig.cmake:86 (find_package):
[12.602s]   Policy CMP0146 is not set: The FindCUDA module is removed.  Run "cmake
[12.602s]   --help-policy CMP0146" for policy details.  Use the cmake_policy command to
[12.602s]   set the policy and suppress this warning.
[12.602s] 
[12.602s] Call Stack (most recent call first):
[12.602s]   /usr/local/lib/cmake/opencv4/OpenCVConfig.cmake:108 (find_host_package)
[12.602s]   /opt/ros/rolling/share/cv_bridge/cmake/ament_cmake_export_dependencies-extras.cmake:21 (find_package)
[12.602s]   /opt/ros/rolling/share/cv_bridge/cmake/cv_bridgeConfig.cmake:41 (include)
[12.602s]   CMakeLists.txt:12 (find_package)
[12.602s] This warning is for project developers.  Use -Wno-dev to suppress it.
[12.602s] [0m
[12.809s] -- Performing Test CMAKE_HAVE_LIBC_PTHREAD
[13.267s] -- Performing Test CMAKE_HAVE_LIBC_PTHREAD - Success
[13.268s] -- Found Threads: TRUE  
[13.443s] -- Found CUDA: /usr/local/cuda-12.3 (found suitable exact version "12.3") 
[13.594s] -- Found image_transport: 6.4.3 (/opt/ros/rolling/share/image_transport/cmake)
[13.736s] [33mCMake Warning (dev) at CMakeLists.txt:14 (find_package):
[13.736s]   Policy CMP0146 is not set: The FindCUDA module is removed.  Run "cmake
[13.736s]   --help-policy CMP0146" for policy details.  Use the cmake_policy command to
[13.736s]   set the policy and suppress this warning.
[13.736s] 
[13.736s] This warning is for project developers.  Use -Wno-dev to suppress it.
[13.736s] [0m
[13.778s] -- Found CUDA: /usr/local/cuda-12.3 (found version "12.3") 
[13.802s] [0mCMake Deprecation Warning at /opt/ros/rolling/share/ament_cmake_target_dependencies/cmake/ament_target_dependencies.cmake:87 (message):
[13.802s]   ament_target_dependencies() is deprecated.  Use target_link_libraries()
[13.802s]   with modern CMake targets instead.  Try replacing this call with:
[13.802s] 
[13.802s]     target_link_libraries(cuda_depth_register_node PUBLIC
[13.803s]       ${sensor_msgs_TARGETS}
[13.803s]       cv_bridge::cv_bridge
[13.803s]       image_transport::image_transport
[13.803s]       rclcpp::rclcpp
[13.803s]       sensor_msgs::sensor_msgs_library
[13.803s]     )
[13.803s] 
[13.803s] Call Stack (most recent call first):
[13.803s]   CMakeLists.txt:33 (ament_target_dependencies)
[13.803s] 
[13.803s] [0m
[13.834s] -- Found ament_lint_auto: 0.20.3 (/opt/ros/rolling/share/ament_lint_auto/cmake)
[14.157s] -- Added test 'cppcheck' to perform static code analysis on C / C++ code
[14.157s] -- Configured cppcheck include dirs: /home/jorge/ros2_thesis_ws/src/cuda_depth_register/include
[14.157s] -- Configured cppcheck exclude dirs and/or files: 
[14.163s] -- Added test 'lint_cmake' to check CMake code style
[14.174s] -- Added test 'uncrustify' to check C / C++ code style
[14.174s] -- Configured uncrustify additional arguments: 
[14.177s] -- Added test 'xmllint' to check XML markup files
[14.179s] -- Configuring done (11.7s)
[14.250s] -- Generating done (0.0s)
[14.256s] -- Build files have been written to: /home/jorge/ros2_thesis_ws/src/cuda_depth_register/build/cuda_depth_register
[14.268s] Invoked command in '/home/jorge/ros2_thesis_ws/src/cuda_depth_register/build/cuda_depth_register' returned '0': CMAKE_PREFIX_PATH=${CMAKE_PREFIX_PATH}:/opt/ros/rolling /usr/bin/cmake /home/jorge/ros2_thesis_ws/src/cuda_depth_register -DCMAKE_INSTALL_PREFIX=/home/jorge/ros2_thesis_ws/src/cuda_depth_register/install/cuda_depth_register
[14.269s] Invoking command in '/home/jorge/ros2_thesis_ws/src/cuda_depth_register/build/cuda_depth_register': CMAKE_PREFIX_PATH=${CMAKE_PREFIX_PATH}:/opt/ros/rolling /usr/bin/cmake --build /home/jorge/ros2_thesis_ws/src/cuda_depth_register/build/cuda_depth_register -- -j6 -l6
[14.318s] [ 25%] [34m[1mBuilding NVCC (Device) object CMakeFiles/depth_register_cuda.dir/src/depth_register_cuda_generated_depth_register.cu.o[0m
[14.416s] In file included from /usr/local/cuda-12.3/include/cuda_runtime.h:82,
[14.416s]                  from <command-line>:
[14.416s] /usr/local/cuda-12.3/include/crt/host_config.h:143:2: error: #error -- unsupported GNU version! gcc versions later than 12 are not supported! The nvcc flag '-allow-unsupported-compiler' can be used to override this version check; however, using an unsupported host compiler may cause compilation failure or incorrect run time execution. Use at your own risk.
[14.416s]   143 | #error -- unsupported GNU version! gcc versions later than 12 are not supported! The nvcc flag '-allow-unsupported-compiler' can be used to override this version check; however, using an unsupported host compiler may cause compilation failure or incorrect run time execution. Use at your own risk.
[14.416s]       |  ^~~~~
[15.161s] /home/jorge/ros2_thesis_ws/src/cuda_depth_register/src/depth_register.cu:4:10: fatal error: depth_register.hpp: No such file or directory
[15.161s]     4 | #include "depth_register.hpp"
[15.161s]       |          ^~~~~~~~~~~~~~~~~~~~
[15.161s] compilation terminated.
[15.164s] [31mCMake Error at depth_register_cuda_generated_depth_register.cu.o.cmake:220 (message):
[15.164s]   Error generating
[15.164s]   /home/jorge/ros2_thesis_ws/src/cuda_depth_register/build/cuda_depth_register/CMakeFiles/depth_register_cuda.dir/src/./depth_register_cuda_generated_depth_register.cu.o
[15.164s] 
[15.164s] [0m
[15.166s] gmake[2]: *** [CMakeFiles/depth_register_cuda.dir/build.make:77: CMakeFiles/depth_register_cuda.dir/src/depth_register_cuda_generated_depth_register.cu.o] Error 1
[15.166s] gmake[1]: *** [CMakeFiles/Makefile2:164: CMakeFiles/depth_register_cuda.dir/all] Error 2
[15.167s] gmake: *** [Makefile:146: all] Error 2
[15.170s] Invoked command in '/home/jorge/ros2_thesis_ws/src/cuda_depth_register/build/cuda_depth_register' returned '2': CMAKE_PREFIX_PATH=${CMAKE_PREFIX_PATH}:/opt/ros/rolling /usr/bin/cmake --build /home/jorge/ros2_thesis_ws/src/cuda_depth_register/build/cuda_depth_register -- -j6 -l6
