[0.014s] Invoking command in '/home/jorge/ros2_thesis_ws/src/cuda_depth_register/build/cuda_depth_register': CMAKE_PREFIX_PATH=${CMAKE_PREFIX_PATH}:/opt/ros/rolling /usr/bin/cmake --build /home/jorge/ros2_thesis_ws/src/cuda_depth_register/build/cuda_depth_register -- -j6 -l6
[0.082s] [ 25%] [32mBuilding CUDA object CMakeFiles/depth_register_cuda.dir/src/depth_register.cu.o[0m
[0.704s] [01m[0m[01m/home/jorge/ros2_thesis_ws/src/cuda_depth_register/include/cuda_depth_register/common_types.hpp(3)[0m: [01;35mwarning[0m #1866-D: attribute does not apply to any entity
[0.704s]   __attribute__((aligned(16)))
[0.704s]                  ^
[0.704s] 
[0.720s] [01;36m[0m[01;36mRemark[0m: The warnings can be suppressed with "-diag-suppress <warning-number>"
[0.720s] 
[0.720s] [01m[0m[01m/home/jorge/ros2_thesis_ws/src/cuda_depth_register/include/cuda_depth_register/common_types.hpp(11)[0m: [01;35mwarning[0m #1866-D: attribute does not apply to any entity
[0.720s]   __attribute__((aligned(16)))
[0.720s]                  ^
[0.720s] 
[0.721s] [01m[0m[01m/home/jorge/ros2_thesis_ws/src/cuda_depth_register/src/depth_register.cu(125)[0m: [01;31merror[0m: calling a __device__ function("[01m__float_as_uint[0m") from a __host__ function("[01mregisterDepthCUDA[0m") is not allowed
[0.721s]       unsigned int inf_uint = __float_as_uint(inf);
[0.721s]                               ^
[0.722s] 
[0.725s] 1 error detected in the compilation of "/home/jorge/ros2_thesis_ws/src/cuda_depth_register/src/depth_register.cu".
[0.742s] gmake[2]: *** [CMakeFiles/depth_register_cuda.dir/build.make:77: CMakeFiles/depth_register_cuda.dir/src/depth_register.cu.o] Error 2
[0.743s] gmake[1]: *** [CMakeFiles/Makefile2:139: CMakeFiles/depth_register_cuda.dir/all] Error 2
[0.743s] gmake: *** [Makefile:146: all] Error 2
[0.745s] Invoked command in '/home/jorge/ros2_thesis_ws/src/cuda_depth_register/build/cuda_depth_register' returned '2': CMAKE_PREFIX_PATH=${CMAKE_PREFIX_PATH}:/opt/ros/rolling /usr/bin/cmake --build /home/jorge/ros2_thesis_ws/src/cuda_depth_register/build/cuda_depth_register -- -j6 -l6
