[0.015s] Invoking command in '/home/jorge/ros2_thesis_ws/src/cuda_depth_register/build/cuda_depth_register': CMAKE_PREFIX_PATH=${CMAKE_PREFIX_PATH}:/opt/ros/rolling /usr/bin/cmake --build /home/jorge/ros2_thesis_ws/src/cuda_depth_register/build/cuda_depth_register -- -j6 -l6
[0.082s] [ 50%] Built target depth_register_cuda
[0.132s] [ 75%] [32mBuilding CXX object CMakeFiles/cuda_depth_register_node.dir/src/cuda_depth_register_node.cpp.o[0m
[0.579s] In file included from [01m[K/home/jorge/ros2_thesis_ws/src/cuda_depth_register/src/cuda_depth_register_node.cpp:4[m[K:
[0.579s] [01m[K/opt/ros/rolling/include/tf2_ros/tf2_ros/buffer.h:40:4:[m[K [01;35m[Kwarning: [m[K#warning BUFFER_HEADER_DEPRECATION [[01;35m[K]8;;https://gcc.gnu.org/onlinedocs/gcc/Warning-Options.html#index-Wcpp-Wcpp]8;;[m[K]
[0.580s]    40 |   #[01;35m[Kwarning[m[K BUFFER_HEADER_DEPRECATION
[0.580s]       |    [01;35m[K^~~~~~~[m[K
[0.609s] In file included from [01m[K/home/jorge/ros2_thesis_ws/src/cuda_depth_register/src/cuda_depth_register_node.cpp:5[m[K:
[0.609s] [01m[K/opt/ros/rolling/include/tf2_ros/tf2_ros/transform_listener.h:40:4:[m[K [01;35m[Kwarning: [m[K#warning TRANSFORM_LISTENER_HEADER_DEPRECATION [[01;35m[K]8;;https://gcc.gnu.org/onlinedocs/gcc/Warning-Options.html#index-Wcpp-Wcpp]8;;[m[K]
[0.609s]    40 |   #[01;35m[Kwarning[m[K TRANSFORM_LISTENER_HEADER_DEPRECATION
[0.609s]       |    [01;35m[K^~~~~~~[m[K
[12.294s] [100%] [32m[1mLinking CXX executable cuda_depth_register_node[0m
[12.865s] [100%] Built target cuda_depth_register_node
[12.906s] Invoked command in '/home/jorge/ros2_thesis_ws/src/cuda_depth_register/build/cuda_depth_register' returned '0': CMAKE_PREFIX_PATH=${CMAKE_PREFIX_PATH}:/opt/ros/rolling /usr/bin/cmake --build /home/jorge/ros2_thesis_ws/src/cuda_depth_register/build/cuda_depth_register -- -j6 -l6
[12.925s] Invoking command in '/home/jorge/ros2_thesis_ws/src/cuda_depth_register/build/cuda_depth_register': CMAKE_PREFIX_PATH=${CMAKE_PREFIX_PATH}:/opt/ros/rolling /usr/bin/cmake --install /home/jorge/ros2_thesis_ws/src/cuda_depth_register/build/cuda_depth_register
[12.935s] -- Install configuration: ""
[12.935s] -- Installing: /home/jorge/ros2_thesis_ws/src/cuda_depth_register/install/cuda_depth_register/lib/cuda_depth_register/cuda_depth_register_node
[12.947s] -- Set non-toolchain portion of runtime path of "/home/jorge/ros2_thesis_ws/src/cuda_depth_register/install/cuda_depth_register/lib/cuda_depth_register/cuda_depth_register_node" to ""
[12.947s] -- Up-to-date: /home/jorge/ros2_thesis_ws/src/cuda_depth_register/install/cuda_depth_register/share/ament_index/resource_index/package_run_dependencies/cuda_depth_register
[12.947s] -- Up-to-date: /home/jorge/ros2_thesis_ws/src/cuda_depth_register/install/cuda_depth_register/share/ament_index/resource_index/parent_prefix_path/cuda_depth_register
[12.947s] -- Up-to-date: /home/jorge/ros2_thesis_ws/src/cuda_depth_register/install/cuda_depth_register/share/cuda_depth_register/environment/ament_prefix_path.sh
[12.948s] -- Up-to-date: /home/jorge/ros2_thesis_ws/src/cuda_depth_register/install/cuda_depth_register/share/cuda_depth_register/environment/ament_prefix_path.dsv
[12.948s] -- Up-to-date: /home/jorge/ros2_thesis_ws/src/cuda_depth_register/install/cuda_depth_register/share/cuda_depth_register/environment/path.sh
[12.948s] -- Up-to-date: /home/jorge/ros2_thesis_ws/src/cuda_depth_register/install/cuda_depth_register/share/cuda_depth_register/environment/path.dsv
[12.948s] -- Up-to-date: /home/jorge/ros2_thesis_ws/src/cuda_depth_register/install/cuda_depth_register/share/cuda_depth_register/local_setup.bash
[12.948s] -- Up-to-date: /home/jorge/ros2_thesis_ws/src/cuda_depth_register/install/cuda_depth_register/share/cuda_depth_register/local_setup.sh
[12.948s] -- Up-to-date: /home/jorge/ros2_thesis_ws/src/cuda_depth_register/install/cuda_depth_register/share/cuda_depth_register/local_setup.zsh
[12.948s] -- Up-to-date: /home/jorge/ros2_thesis_ws/src/cuda_depth_register/install/cuda_depth_register/share/cuda_depth_register/local_setup.dsv
[12.948s] -- Installing: /home/jorge/ros2_thesis_ws/src/cuda_depth_register/install/cuda_depth_register/share/cuda_depth_register/package.dsv
[12.948s] -- Up-to-date: /home/jorge/ros2_thesis_ws/src/cuda_depth_register/install/cuda_depth_register/share/ament_index/resource_index/packages/cuda_depth_register
[12.948s] -- Up-to-date: /home/jorge/ros2_thesis_ws/src/cuda_depth_register/install/cuda_depth_register/share/cuda_depth_register/cmake/cuda_depth_registerConfig.cmake
[12.948s] -- Up-to-date: /home/jorge/ros2_thesis_ws/src/cuda_depth_register/install/cuda_depth_register/share/cuda_depth_register/cmake/cuda_depth_registerConfig-version.cmake
[12.948s] -- Up-to-date: /home/jorge/ros2_thesis_ws/src/cuda_depth_register/install/cuda_depth_register/share/cuda_depth_register/package.xml
[12.950s] Invoked command in '/home/jorge/ros2_thesis_ws/src/cuda_depth_register/build/cuda_depth_register' returned '0': CMAKE_PREFIX_PATH=${CMAKE_PREFIX_PATH}:/opt/ros/rolling /usr/bin/cmake --install /home/jorge/ros2_thesis_ws/src/cuda_depth_register/build/cuda_depth_register
